#
# There is insufficient memory for the Java Runtime Environment to continue.
# Native memory allocation (malloc) failed to allocate 1024176 bytes for Chunk::new
# Possible reasons:
#   The system is out of physical RAM or swap space
#   The process is running with CompressedOops enabled, and the Java Heap may be blocking the growth of the native heap
# Possible solutions:
#   Reduce memory load on the system
#   Increase physical memory or swap space
#   Check if swap backing store is full
#   Decrease Java heap size (-Xmx/-Xms)
#   Decrease number of Java threads
#   Decrease Java thread stack sizes (-Xss)
#   Set larger code cache with -XX:ReservedCodeCacheSize=
#   JVM is running with Unscaled Compressed Oops mode in which the Java heap is
#     placed in the first 4GB address space. The Java Heap base address is the
#     maximum limit for the native heap growth. Please use -XX:HeapBaseMinAddress
#     to set the Java Heap base and to place the Java Heap above 4GB virtual address.
# This output file may be truncated or incomplete.
#
#  Out of Memory Error (./src/hotspot/share/memory/arena.cpp:197), pid=12600, tid=12444
#
# JRE version: OpenJDK Runtime Environment (11.0.11+9) (build 11.0.11+9-b60-7590822)
# Java VM: OpenJDK 64-Bit Server VM (11.0.11+9-b60-7590822, mixed mode, tiered, compressed oops, g1 gc, windows-amd64)
# No core dump will be written. Minidumps are not enabled by default on client versions of Windows
#

---------------  S U M M A R Y ------------

Command Line: --add-opens=java.base/java.util=ALL-UNNAMED --add-opens=java.base/java.lang=ALL-UNNAMED --add-opens=java.base/java.lang.invoke=ALL-UNNAMED --add-opens=java.base/java.util=ALL-UNNAMED --add-opens=java.prefs/java.util.prefs=ALL-UNNAMED --add-opens=java.prefs/java.util.prefs=ALL-UNNAMED --add-opens=java.base/java.nio.charset=ALL-UNNAMED --add-opens=java.base/java.net=ALL-UNNAMED --add-opens=java.base/java.util.concurrent.atomic=ALL-UNNAMED -Xmx2048m -Dfile.encoding=UTF-8 -Duser.country=US -Duser.language=en -Duser.variant org.gradle.launcher.daemon.bootstrap.GradleDaemon 7.2

Host: Intel(R) Core(TM) i5-7200U CPU @ 2.50GHz, 4 cores, 15G,  Windows 10 , 64 bit Build 19041 (10.0.19041.1706)
Time: Wed May 18 11:55:23 2022 SE Asia Standard Time elapsed time: 49.695734 seconds (0d 0h 0m 49s)

---------------  T H R E A D  ---------------

Current thread (0x000001c92dbd5800):  JavaThread "C2 CompilerThread0" daemon [_thread_in_native, id=12444, stack(0x00000081ec000000,0x00000081ec100000)]


Current CompileTask:
C2:  49695 15303       4       jdk.internal.org.objectweb.asm.Frame::execute (2264 bytes)

Stack: [0x00000081ec000000,0x00000081ec100000]
Native frames: (J=compiled Java code, j=interpreted, Vv=VM code, C=native code)
V  [jvm.dll+0x5f214a]
V  [jvm.dll+0x726fb5]
V  [jvm.dll+0x7285cd]
V  [jvm.dll+0x728c83]
V  [jvm.dll+0x243278]
V  [jvm.dll+0xbc53c]
V  [jvm.dll+0xbca3c]
V  [jvm.dll+0x2b5c34]
V  [jvm.dll+0x508488]
V  [jvm.dll+0x203d53]
V  [jvm.dll+0x1fdbac]
V  [jvm.dll+0x1fb35f]
V  [jvm.dll+0x183d6c]
V  [jvm.dll+0x209a57]
V  [jvm.dll+0x2082a1]
V  [jvm.dll+0x6ef58f]
V  [jvm.dll+0x6e80b5]
V  [jvm.dll+0x5f1036]
C  [ucrtbase.dll+0x21bb2]
C  [KERNEL32.DLL+0x17034]
C  [ntdll.dll+0x52651]


---------------  P R O C E S S  ---------------

Threads class SMR info:
_java_thread_list=0x000001c93570caa0, length=98, elements={
0x000001c91179c000, 0x000001c92db66800, 0x000001c92db71000, 0x000001c92db8b000,
0x000001c92db8c800, 0x000001c92db8d800, 0x000001c92dbd5800, 0x000001c92dbde800,
0x000001c92dbeb800, 0x000001c92dd49000, 0x000001c9301c0800, 0x000001c92de6c000,
0x000001c92fb24000, 0x000001c92fa6f000, 0x000001c930386800, 0x000001c92f3a4800,
0x000001c92f601800, 0x000001c92f19c800, 0x000001c92ffbd800, 0x000001c92ff93000,
0x000001c92ff8e800, 0x000001c92ff8d800, 0x000001c92ff8f000, 0x000001c92ff92800,
0x000001c92ff90000, 0x000001c92ff94000, 0x000001c92ff91000, 0x000001c92ff91800,
0x000001c930e43800, 0x000001c930e41000, 0x000001c930e47800, 0x000001c930e44000,
0x000001c930e45000, 0x000001c930e42800, 0x000001c930e4a800, 0x000001c930e49000,
0x000001c930e4a000, 0x000001c930e4b800, 0x000001c930e46000, 0x000001c930e4c800,
0x000001c930e4e000, 0x000001c930e4f000, 0x000001c930e4d000, 0x000001c930e4f800,
0x000001c93062c000, 0x000001c93062b000, 0x000001c93062d000, 0x000001c930627000,
0x000001c930628000, 0x000001c930629800, 0x000001c93062d800, 0x000001c93062e800,
0x000001c93062a800, 0x000001c930628800, 0x000001c930632800, 0x000001c930635000,
0x000001c930630000, 0x000001c930631000, 0x000001c930633800, 0x000001c93062f000,
0x000001c930634000, 0x000001c930636000, 0x000001c930631800, 0x000001c92e264000,
0x000001c92e260000, 0x000001c92e265800, 0x000001c92e265000, 0x000001c92e261800,
0x000001c92e266800, 0x000001c92e262800, 0x000001c92e260800, 0x000001c92e267800,
0x000001c92e268000, 0x000001c92e269000, 0x000001c92e263000, 0x000001c92e26a800,
0x000001c92e269800, 0x000001c92e26b800, 0x000001c92e26e800, 0x000001c92fd36800,
0x000001c92fd32800, 0x000001c92fd35000, 0x000001c92fd37800, 0x000001c92fd38800,
0x000001c92fd33800, 0x000001c92fd39000, 0x000001c92fd34000, 0x000001c92fd3a000,
0x000001c92fd36000, 0x000001c92fd3e000, 0x000001c92fd3c800, 0x000001c92fd3d000,
0x000001c92fd3f800, 0x000001c92fd40800, 0x000001c92fd3a800, 0x000001c92fd41800,
0x000001c9355a1800, 0x000001c933542800
}

Java Threads: ( => current thread )
  0x000001c91179c000 JavaThread "main" [_thread_blocked, id=12720, stack(0x00000081eb400000,0x00000081eb500000)]
  0x000001c92db66800 JavaThread "Reference Handler" daemon [_thread_blocked, id=1952, stack(0x00000081ebb00000,0x00000081ebc00000)]
  0x000001c92db71000 JavaThread "Finalizer" daemon [_thread_blocked, id=16416, stack(0x00000081ebc00000,0x00000081ebd00000)]
  0x000001c92db8b000 JavaThread "Signal Dispatcher" daemon [_thread_blocked, id=16140, stack(0x00000081ebd00000,0x00000081ebe00000)]
  0x000001c92db8c800 JavaThread "Attach Listener" daemon [_thread_blocked, id=18388, stack(0x00000081ebe00000,0x00000081ebf00000)]
  0x000001c92db8d800 JavaThread "Service Thread" daemon [_thread_blocked, id=18396, stack(0x00000081ebf00000,0x00000081ec000000)]
=>0x000001c92dbd5800 JavaThread "C2 CompilerThread0" daemon [_thread_in_native, id=12444, stack(0x00000081ec000000,0x00000081ec100000)]
  0x000001c92dbde800 JavaThread "C1 CompilerThread0" daemon [_thread_blocked, id=192, stack(0x00000081ec100000,0x00000081ec200000)]
  0x000001c92dbeb800 JavaThread "Sweeper thread" daemon [_thread_blocked, id=9064, stack(0x00000081ec200000,0x00000081ec300000)]
  0x000001c92dd49000 JavaThread "Common-Cleaner" daemon [_thread_blocked, id=1088, stack(0x00000081ec300000,0x00000081ec400000)]
  0x000001c9301c0800 JavaThread "Daemon health stats" [_thread_blocked, id=6108, stack(0x00000081ec900000,0x00000081eca00000)]
  0x000001c92de6c000 JavaThread "Incoming local TCP Connector on port 60609" [_thread_in_native, id=9184, stack(0x00000081ec500000,0x00000081ec600000)]
  0x000001c92fb24000 JavaThread "Daemon periodic checks" [_thread_blocked, id=10780, stack(0x00000081eca00000,0x00000081ecb00000)]
  0x000001c92fa6f000 JavaThread "Daemon" [_thread_blocked, id=8628, stack(0x00000081ecb00000,0x00000081ecc00000)]
  0x000001c930386800 JavaThread "Handler for socket connection from /127.0.0.1:60609 to /127.0.0.1:60610" [_thread_in_native, id=884, stack(0x00000081ecc00000,0x00000081ecd00000)]
  0x000001c92f3a4800 JavaThread "Cancel handler" [_thread_blocked, id=10136, stack(0x00000081ecd00000,0x00000081ece00000)]
  0x000001c92f601800 JavaThread "Daemon worker" [_thread_blocked, id=15644, stack(0x00000081ece00000,0x00000081ecf00000)]
  0x000001c92f19c800 JavaThread "Asynchronous log dispatcher for DefaultDaemonConnection: socket connection from /127.0.0.1:60609 to /127.0.0.1:60610" [_thread_blocked, id=18176, stack(0x00000081ecf00000,0x00000081ed000000)]
  0x000001c92ffbd800 JavaThread "Stdin handler" [_thread_blocked, id=6212, stack(0x00000081ed000000,0x00000081ed100000)]
  0x000001c92ff93000 JavaThread "Daemon client event forwarder" [_thread_blocked, id=16080, stack(0x00000081ed100000,0x00000081ed200000)]
  0x000001c92ff8e800 JavaThread "Cache worker for journal cache (C:\Users\Thaib\.gradle\caches\journal-1)" [_thread_blocked, id=9340, stack(0x00000081ed200000,0x00000081ed300000)]
  0x000001c92ff8d800 JavaThread "File lock request listener" [_thread_in_native, id=14792, stack(0x00000081ed300000,0x00000081ed400000)]
  0x000001c92ff8f000 JavaThread "Cache worker for file hash cache (C:\Users\Thaib\.gradle\caches\7.2\fileHashes)" [_thread_blocked, id=13528, stack(0x00000081ed400000,0x00000081ed500000)]
  0x000001c92ff92800 JavaThread "Cache worker for file hash cache (E:\android\android_kotlin\AppBanTraiCay\.gradle\7.2\fileHashes)" [_thread_blocked, id=5308, stack(0x00000081ed600000,0x00000081ed700000)]
  0x000001c92ff90000 JavaThread "File watcher server" daemon [_thread_in_native, id=5680, stack(0x00000081ed700000,0x00000081ed800000)]
  0x000001c92ff94000 JavaThread "File watcher consumer" daemon [_thread_blocked, id=15212, stack(0x00000081ed800000,0x00000081ed900000)]
  0x000001c92ff91000 JavaThread "Cache worker for checksums cache (E:\android\android_kotlin\AppBanTraiCay\.gradle\checksums)" [_thread_blocked, id=17452, stack(0x00000081ed500000,0x00000081ed600000)]
  0x000001c92ff91800 JavaThread "Cache worker for cache directory md-supplier (C:\Users\Thaib\.gradle\caches\7.2\md-supplier)" [_thread_blocked, id=17200, stack(0x00000081ed900000,0x00000081eda00000)]
  0x000001c930e43800 JavaThread "Cache worker for cache directory md-rule (C:\Users\Thaib\.gradle\caches\7.2\md-rule)" [_thread_blocked, id=14312, stack(0x00000081eda00000,0x00000081edb00000)]
  0x000001c930e41000 JavaThread "Cache worker for execution history cache (C:\Users\Thaib\.gradle\caches\7.2\executionHistory)" [_thread_blocked, id=5292, stack(0x00000081edc00000,0x00000081edd00000)]
  0x000001c930e47800 JavaThread "jar transforms" [_thread_blocked, id=5964, stack(0x00000081edd00000,0x00000081ede00000)]
  0x000001c930e44000 JavaThread "Cache worker for file content cache (C:\Users\Thaib\.gradle\caches\7.2\fileContent)" [_thread_blocked, id=18256, stack(0x00000081ede00000,0x00000081edf00000)]
  0x000001c930e45000 JavaThread "jar transforms Thread 2" [_thread_blocked, id=5232, stack(0x00000081edf00000,0x00000081ee000000)]
  0x000001c930e42800 JavaThread "Cache worker for dependencies-accessors (E:\android\android_kotlin\AppBanTraiCay\.gradle\7.2\dependencies-accessors)" [_thread_blocked, id=9128, stack(0x00000081ee000000,0x00000081ee100000)]
  0x000001c930e4a800 JavaThread "jar transforms Thread 3" [_thread_blocked, id=17468, stack(0x00000081ee100000,0x00000081ee200000)]
  0x000001c930e49000 JavaThread "Cache worker for Build Output Cleanup Cache (E:\android\android_kotlin\AppBanTraiCay\.gradle\buildOutputCleanup)" [_thread_blocked, id=5212, stack(0x00000081ee200000,0x00000081ee300000)]
  0x000001c930e4a000 JavaThread "Unconstrained build operations" [_thread_blocked, id=12276, stack(0x00000081ee300000,0x00000081ee400000)]
  0x000001c930e4b800 JavaThread "Unconstrained build operations Thread 2" [_thread_blocked, id=6660, stack(0x00000081ee400000,0x00000081ee500000)]
  0x000001c930e46000 JavaThread "Unconstrained build operations Thread 3" [_thread_blocked, id=13648, stack(0x00000081ee500000,0x00000081ee600000)]
  0x000001c930e4c800 JavaThread "Unconstrained build operations Thread 4" [_thread_blocked, id=10948, stack(0x00000081ee600000,0x00000081ee700000)]
  0x000001c930e4e000 JavaThread "Unconstrained build operations Thread 5" [_thread_blocked, id=13680, stack(0x00000081ee700000,0x00000081ee800000)]
  0x000001c930e4f000 JavaThread "Unconstrained build operations Thread 6" [_thread_blocked, id=2460, stack(0x00000081ee800000,0x00000081ee900000)]
  0x000001c930e4d000 JavaThread "Unconstrained build operations Thread 7" [_thread_blocked, id=15388, stack(0x00000081ee900000,0x00000081eea00000)]
  0x000001c930e4f800 JavaThread "Unconstrained build operations Thread 8" [_thread_blocked, id=16364, stack(0x00000081eea00000,0x00000081eeb00000)]
  0x000001c93062c000 JavaThread "Unconstrained build operations Thread 9" [_thread_blocked, id=6704, stack(0x00000081eeb00000,0x00000081eec00000)]
  0x000001c93062b000 JavaThread "Unconstrained build operations Thread 10" [_thread_blocked, id=7096, stack(0x00000081eec00000,0x00000081eed00000)]
  0x000001c93062d000 JavaThread "Unconstrained build operations Thread 11" [_thread_blocked, id=13928, stack(0x00000081eed00000,0x00000081eee00000)]
  0x000001c930627000 JavaThread "Unconstrained build operations Thread 12" [_thread_blocked, id=2728, stack(0x00000081eee00000,0x00000081eef00000)]
  0x000001c930628000 JavaThread "Unconstrained build operations Thread 13" [_thread_blocked, id=7336, stack(0x00000081eef00000,0x00000081ef000000)]
  0x000001c930629800 JavaThread "Unconstrained build operations Thread 14" [_thread_blocked, id=17988, stack(0x00000081ef000000,0x00000081ef100000)]
  0x000001c93062d800 JavaThread "Unconstrained build operations Thread 15" [_thread_blocked, id=9016, stack(0x00000081ef100000,0x00000081ef200000)]
  0x000001c93062e800 JavaThread "Unconstrained build operations Thread 16" [_thread_blocked, id=7004, stack(0x00000081ef200000,0x00000081ef300000)]
  0x000001c93062a800 JavaThread "Unconstrained build operations Thread 17" [_thread_blocked, id=17148, stack(0x00000081ef300000,0x00000081ef400000)]
  0x000001c930628800 JavaThread "Unconstrained build operations Thread 18" [_thread_blocked, id=14612, stack(0x00000081ef400000,0x00000081ef500000)]
  0x000001c930632800 JavaThread "Unconstrained build operations Thread 19" [_thread_blocked, id=4340, stack(0x00000081ef500000,0x00000081ef600000)]
  0x000001c930635000 JavaThread "Unconstrained build operations Thread 20" [_thread_blocked, id=10016, stack(0x00000081ef600000,0x00000081ef700000)]
  0x000001c930630000 JavaThread "Unconstrained build operations Thread 21" [_thread_blocked, id=16796, stack(0x00000081ef700000,0x00000081ef800000)]
  0x000001c930631000 JavaThread "Unconstrained build operations Thread 22" [_thread_blocked, id=7656, stack(0x00000081ef800000,0x00000081ef900000)]
  0x000001c930633800 JavaThread "Unconstrained build operations Thread 23" [_thread_blocked, id=5276, stack(0x00000081ef900000,0x00000081efa00000)]
  0x000001c93062f000 JavaThread "Unconstrained build operations Thread 24" [_thread_blocked, id=11236, stack(0x00000081efa00000,0x00000081efb00000)]
  0x000001c930634000 JavaThread "Unconstrained build operations Thread 25" [_thread_blocked, id=4572, stack(0x00000081efb00000,0x00000081efc00000)]
  0x000001c930636000 JavaThread "Unconstrained build operations Thread 26" [_thread_blocked, id=17432, stack(0x00000081efc00000,0x00000081efd00000)]
  0x000001c930631800 JavaThread "Unconstrained build operations Thread 27" [_thread_blocked, id=5868, stack(0x00000081efd00000,0x00000081efe00000)]
  0x000001c92e264000 JavaThread "Unconstrained build operations Thread 28" [_thread_blocked, id=2160, stack(0x00000081efe00000,0x00000081eff00000)]
  0x000001c92e260000 JavaThread "Unconstrained build operations Thread 29" [_thread_blocked, id=18264, stack(0x00000081eff00000,0x00000081f0000000)]
  0x000001c92e265800 JavaThread "Unconstrained build operations Thread 30" [_thread_blocked, id=1228, stack(0x00000081f0000000,0x00000081f0100000)]
  0x000001c92e265000 JavaThread "Unconstrained build operations Thread 31" [_thread_blocked, id=5268, stack(0x00000081f0100000,0x00000081f0200000)]
  0x000001c92e261800 JavaThread "Unconstrained build operations Thread 32" [_thread_blocked, id=17896, stack(0x00000081f0200000,0x00000081f0300000)]
  0x000001c92e266800 JavaThread "Unconstrained build operations Thread 33" [_thread_blocked, id=7672, stack(0x00000081f0300000,0x00000081f0400000)]
  0x000001c92e262800 JavaThread "Unconstrained build operations Thread 34" [_thread_blocked, id=16896, stack(0x00000081f0400000,0x00000081f0500000)]
  0x000001c92e260800 JavaThread "Unconstrained build operations Thread 35" [_thread_blocked, id=15896, stack(0x00000081f0500000,0x00000081f0600000)]
  0x000001c92e267800 JavaThread "Unconstrained build operations Thread 36" [_thread_blocked, id=16840, stack(0x00000081f0600000,0x00000081f0700000)]
  0x000001c92e268000 JavaThread "Unconstrained build operations Thread 37" [_thread_blocked, id=12956, stack(0x00000081f0700000,0x00000081f0800000)]
  0x000001c92e269000 JavaThread "Unconstrained build operations Thread 38" [_thread_blocked, id=15488, stack(0x00000081f0800000,0x00000081f0900000)]
  0x000001c92e263000 JavaThread "Unconstrained build operations Thread 39" [_thread_blocked, id=15824, stack(0x00000081f0900000,0x00000081f0a00000)]
  0x000001c92e26a800 JavaThread "Unconstrained build operations Thread 40" [_thread_blocked, id=13400, stack(0x00000081f0a00000,0x00000081f0b00000)]
  0x000001c92e269800 JavaThread "jar transforms Thread 4" [_thread_blocked, id=7784, stack(0x00000081edb00000,0x00000081edc00000)]
  0x000001c92e26b800 JavaThread "Memory manager" [_thread_blocked, id=16660, stack(0x00000081f0c00000,0x00000081f0d00000)]
  0x000001c92e26e800 JavaThread "build event listener" [_thread_blocked, id=8500, stack(0x00000081f0d00000,0x00000081f0e00000)]
  0x000001c92fd36800 JavaThread "pool-3-thread-1" [_thread_blocked, id=14200, stack(0x00000081f0e00000,0x00000081f0f00000)]
  0x000001c92fd32800 JavaThread "build event listener" [_thread_blocked, id=7744, stack(0x00000081f0f00000,0x00000081f1000000)]
  0x000001c92fd35000 JavaThread "Execution worker for ':'" [_thread_in_native, id=9488, stack(0x00000081f1000000,0x00000081f1100000)]
  0x000001c92fd37800 JavaThread "Execution worker for ':' Thread 2" [_thread_blocked, id=13220, stack(0x00000081f1100000,0x00000081f1200000)]
  0x000001c92fd38800 JavaThread "Execution worker for ':' Thread 3" [_thread_blocked, id=10908, stack(0x00000081f1200000,0x00000081f1300000)]
  0x000001c92fd33800 JavaThread "Cache worker for execution history cache (E:\android\android_kotlin\AppBanTraiCay\.gradle\7.2\executionHistory)" [_thread_blocked, id=8056, stack(0x00000081f1300000,0x00000081f1400000)]
  0x000001c92fd39000 JavaThread "WorkerExecutor Queue" [_thread_blocked, id=4208, stack(0x00000081f1600000,0x00000081f1700000)]
  0x000001c92fd34000 JavaThread "WorkerExecutor Queue Thread 2" [_thread_blocked, id=7216, stack(0x00000081f1700000,0x00000081f1800000)]
  0x000001c92fd3a000 JavaThread "WorkerExecutor Queue Thread 3" [_thread_blocked, id=6280, stack(0x00000081f1a00000,0x00000081f1b00000)]
  0x000001c92fd36000 JavaThread "WorkerExecutor Queue Thread 4" [_thread_blocked, id=9364, stack(0x00000081f1b00000,0x00000081f1c00000)]
  0x000001c92fd3e000 JavaThread "pool-4-thread-1" [_thread_blocked, id=8820, stack(0x00000081f1c00000,0x00000081f1d00000)]
  0x000001c92fd3c800 JavaThread "stderr" [_thread_in_native, id=11752, stack(0x00000081f1d00000,0x00000081f1e00000)]
  0x000001c92fd3d000 JavaThread "stdout" [_thread_in_native, id=16132, stack(0x00000081f1e00000,0x00000081f1f00000)]
  0x000001c92fd3f800 JavaThread "RMI Scheduler(0)" daemon [_thread_blocked, id=14684, stack(0x00000081f0b00000,0x00000081f0c00000)]
  0x000001c92fd40800 JavaThread "RMI RenewClean-[127.0.0.1:17711,org.jetbrains.kotlin.daemon.common.LoopbackNetworkInterface$ClientLoopbackSocketFactory@379aae69]" daemon [_thread_blocked, id=10056, stack(0x00000081f1f00000,0x00000081f2000000)]
  0x000001c92fd3a800 JavaThread "RMI GC Daemon" daemon [_thread_new_trans, id=9008, stack(0x00000081f2000000,0x00000081f2100000)]
  0x000001c92fd41800 JavaThread "RMI TCP Accept-0" daemon [_thread_in_native, id=12964, stack(0x00000081f2100000,0x00000081f2200000)]
  0x000001c9355a1800 JavaThread "RMI Reaper" [_thread_blocked, id=8624, stack(0x00000081f2200000,0x00000081f2300000)]
  0x000001c933542800 JavaThread "C2 CompilerThread1" daemon [_thread_blocked, id=17956, stack(0x00000081f2300000,0x00000081f2400000)]

Other Threads:
  0x000001c92d334000 VMThread "VM Thread" [stack: 0x00000081eba00000,0x00000081ebb00000] [id=17872]
  0x000001c92dd5b800 WatcherThread [stack: 0x00000081ec400000,0x00000081ec500000] [id=14476]
  0x000001c9117b2800 GCTaskThread "GC Thread#0" [stack: 0x00000081eb500000,0x00000081eb600000] [id=7248]
  0x000001c92e0e7000 GCTaskThread "GC Thread#1" [stack: 0x00000081ec600000,0x00000081ec700000] [id=6748]
  0x000001c92e6d6800 GCTaskThread "GC Thread#2" [stack: 0x00000081ec700000,0x00000081ec800000] [id=8260]
  0x000001c92e23e800 GCTaskThread "GC Thread#3" [stack: 0x00000081ec800000,0x00000081ec900000] [id=16880]
  0x000001c9117e6000 ConcurrentGCThread "G1 Main Marker" [stack: 0x00000081eb600000,0x00000081eb700000] [id=16320]
  0x000001c9117e7000 ConcurrentGCThread "G1 Conc#0" [stack: 0x00000081eb700000,0x00000081eb800000] [id=14576]
  0x000001c92d1a0800 ConcurrentGCThread "G1 Refine#0" [stack: 0x00000081eb800000,0x00000081eb900000] [id=14288]
  0x000001c937355000 ConcurrentGCThread "G1 Refine#1" [stack: 0x00000081f1400000,0x00000081f1500000] [id=18192]
  0x000001c933646000 ConcurrentGCThread "G1 Refine#2" [stack: 0x00000081f1500000,0x00000081f1600000] [id=13432]
  0x000001c92d1a1800 ConcurrentGCThread "G1 Young RemSet Sampling" [stack: 0x00000081eb900000,0x00000081eba00000] [id=17300]

Threads with active compile tasks:
C2 CompilerThread0  49770 15303       4       jdk.internal.org.objectweb.asm.Frame::execute (2264 bytes)

VM state:not at safepoint (normal execution)

VM Mutex/Monitor currently owned by a thread: None

Heap address: 0x0000000080000000, size: 2048 MB, Compressed Oops mode: 32-bit
Narrow klass base: 0x0000000000000000, Narrow klass shift: 3
Compressed class space size: 1073741824 Address: 0x0000000100000000

Heap:
 garbage-first heap   total 312320K, used 224224K [0x0000000080000000, 0x0000000100000000)
  region size 1024K, 87 young (89088K), 10 survivors (10240K)
 Metaspace       used 110166K, capacity 112687K, committed 113060K, reserved 1148928K
  class space    used 13720K, capacity 14596K, committed 14720K, reserved 1048576K
Heap Regions: E=young(eden), S=young(survivor), O=old, HS=humongous(starts), HC=humongous(continues), CS=collection set, F=free, A=archive, TAMS=top-at-mark-start (previous, next)
|   0|0x0000000080000000, 0x0000000080100000, 0x0000000080100000|100%| O|  |TAMS 0x0000000080100000, 0x0000000080000000| Untracked 
|   1|0x0000000080100000, 0x0000000080200000, 0x0000000080200000|100%| O|  |TAMS 0x0000000080200000, 0x0000000080100000| Untracked 
|   2|0x0000000080200000, 0x0000000080300000, 0x0000000080300000|100%| O|  |TAMS 0x0000000080300000, 0x0000000080200000| Untracked 
|   3|0x0000000080300000, 0x0000000080400000, 0x0000000080400000|100%|HS|  |TAMS 0x0000000080400000, 0x0000000080300000| Complete 
|   4|0x0000000080400000, 0x0000000080500000, 0x0000000080500000|100%|HC|  |TAMS 0x0000000080500000, 0x0000000080400000| Complete 
|   5|0x0000000080500000, 0x0000000080600000, 0x0000000080600000|100%|HC|  |TAMS 0x0000000080600000, 0x0000000080500000| Complete 
|   6|0x0000000080600000, 0x0000000080700000, 0x0000000080700000|100%| O|  |TAMS 0x0000000080700000, 0x0000000080600000| Untracked 
|   7|0x0000000080700000, 0x0000000080800000, 0x0000000080800000|100%| O|  |TAMS 0x0000000080800000, 0x0000000080700000| Untracked 
|   8|0x0000000080800000, 0x0000000080900000, 0x0000000080900000|100%| O|  |TAMS 0x0000000080900000, 0x0000000080800000| Untracked 
|   9|0x0000000080900000, 0x0000000080a00000, 0x0000000080a00000|100%| O|  |TAMS 0x0000000080a00000, 0x0000000080900000| Untracked 
|  10|0x0000000080a00000, 0x0000000080b00000, 0x0000000080b00000|100%| O|  |TAMS 0x0000000080b00000, 0x0000000080a00000| Untracked 
|  11|0x0000000080b00000, 0x0000000080c00000, 0x0000000080c00000|100%| O|  |TAMS 0x0000000080c00000, 0x0000000080b00000| Untracked 
|  12|0x0000000080c00000, 0x0000000080d00000, 0x0000000080d00000|100%| O|  |TAMS 0x0000000080d00000, 0x0000000080c00000| Untracked 
|  13|0x0000000080d00000, 0x0000000080e00000, 0x0000000080e00000|100%| O|  |TAMS 0x0000000080e00000, 0x0000000080d00000| Untracked 
|  14|0x0000000080e00000, 0x0000000080f00000, 0x0000000080f00000|100%| O|  |TAMS 0x0000000080f00000, 0x0000000080e00000| Untracked 
|  15|0x0000000080f00000, 0x0000000081000000, 0x0000000081000000|100%| O|  |TAMS 0x0000000081000000, 0x0000000080f00000| Untracked 
|  16|0x0000000081000000, 0x0000000081100000, 0x0000000081100000|100%|HS|  |TAMS 0x0000000081100000, 0x0000000081000000| Complete 
|  17|0x0000000081100000, 0x0000000081200000, 0x0000000081200000|100%| O|  |TAMS 0x0000000081200000, 0x0000000081100000| Untracked 
|  18|0x0000000081200000, 0x0000000081300000, 0x0000000081300000|100%| O|  |TAMS 0x0000000081300000, 0x0000000081200000| Untracked 
|  19|0x0000000081300000, 0x0000000081400000, 0x0000000081400000|100%| O|  |TAMS 0x0000000081400000, 0x0000000081300000| Untracked 
|  20|0x0000000081400000, 0x0000000081500000, 0x0000000081500000|100%| O|  |TAMS 0x0000000081500000, 0x0000000081400000| Untracked 
|  21|0x0000000081500000, 0x0000000081600000, 0x0000000081600000|100%| O|  |TAMS 0x0000000081600000, 0x0000000081500000| Untracked 
|  22|0x0000000081600000, 0x0000000081700000, 0x0000000081700000|100%|HS|  |TAMS 0x0000000081700000, 0x0000000081600000| Complete 
|  23|0x0000000081700000, 0x0000000081800000, 0x0000000081800000|100%|HS|  |TAMS 0x0000000081800000, 0x0000000081700000| Complete 
|  24|0x0000000081800000, 0x0000000081900000, 0x0000000081900000|100%|HS|  |TAMS 0x0000000081900000, 0x0000000081800000| Complete 
|  25|0x0000000081900000, 0x0000000081a00000, 0x0000000081a00000|100%|HS|  |TAMS 0x0000000081a00000, 0x0000000081900000| Complete 
|  26|0x0000000081a00000, 0x0000000081b00000, 0x0000000081b00000|100%|HC|  |TAMS 0x0000000081b00000, 0x0000000081a00000| Complete 
|  27|0x0000000081b00000, 0x0000000081c00000, 0x0000000081c00000|100%|HC|  |TAMS 0x0000000081c00000, 0x0000000081b00000| Complete 
|  28|0x0000000081c00000, 0x0000000081d00000, 0x0000000081d00000|100%|HS|  |TAMS 0x0000000081d00000, 0x0000000081c00000| Complete 
|  29|0x0000000081d00000, 0x0000000081e00000, 0x0000000081e00000|100%|HC|  |TAMS 0x0000000081e00000, 0x0000000081d00000| Complete 
|  30|0x0000000081e00000, 0x0000000081f00000, 0x0000000081f00000|100%| O|  |TAMS 0x0000000081f00000, 0x0000000081e00000| Untracked 
|  31|0x0000000081f00000, 0x0000000082000000, 0x0000000082000000|100%| O|  |TAMS 0x0000000082000000, 0x0000000081f00000| Untracked 
|  32|0x0000000082000000, 0x0000000082100000, 0x0000000082100000|100%| O|  |TAMS 0x0000000082100000, 0x0000000082000000| Untracked 
|  33|0x0000000082100000, 0x0000000082200000, 0x0000000082200000|100%| O|  |TAMS 0x0000000082200000, 0x0000000082100000| Untracked 
|  34|0x0000000082200000, 0x0000000082300000, 0x0000000082300000|100%| O|  |TAMS 0x0000000082300000, 0x0000000082200000| Untracked 
|  35|0x0000000082300000, 0x0000000082400000, 0x0000000082400000|100%| O|  |TAMS 0x0000000082400000, 0x0000000082300000| Untracked 
|  36|0x0000000082400000, 0x0000000082500000, 0x0000000082500000|100%| O|  |TAMS 0x0000000082500000, 0x0000000082400000| Untracked 
|  37|0x0000000082500000, 0x0000000082600000, 0x0000000082600000|100%| O|  |TAMS 0x0000000082600000, 0x0000000082500000| Untracked 
|  38|0x0000000082600000, 0x0000000082700000, 0x0000000082700000|100%| O|  |TAMS 0x0000000082700000, 0x0000000082600000| Untracked 
|  39|0x0000000082700000, 0x0000000082800000, 0x0000000082800000|100%| O|  |TAMS 0x0000000082800000, 0x0000000082700000| Untracked 
|  40|0x0000000082800000, 0x0000000082900000, 0x0000000082900000|100%| O|  |TAMS 0x0000000082900000, 0x0000000082800000| Untracked 
|  41|0x0000000082900000, 0x0000000082a00000, 0x0000000082a00000|100%| O|  |TAMS 0x0000000082a00000, 0x0000000082900000| Untracked 
|  42|0x0000000082a00000, 0x0000000082b00000, 0x0000000082b00000|100%| O|  |TAMS 0x0000000082b00000, 0x0000000082a00000| Untracked 
|  43|0x0000000082b00000, 0x0000000082c00000, 0x0000000082c00000|100%| O|  |TAMS 0x0000000082c00000, 0x0000000082b00000| Untracked 
|  44|0x0000000082c00000, 0x0000000082d00000, 0x0000000082d00000|100%| O|  |TAMS 0x0000000082d00000, 0x0000000082c00000| Untracked 
|  45|0x0000000082d00000, 0x0000000082e00000, 0x0000000082e00000|100%| O|  |TAMS 0x0000000082e00000, 0x0000000082d00000| Untracked 
|  46|0x0000000082e00000, 0x0000000082f00000, 0x0000000082f00000|100%| O|  |TAMS 0x0000000082f00000, 0x0000000082e00000| Untracked 
|  47|0x0000000082f00000, 0x0000000083000000, 0x0000000083000000|100%| O|  |TAMS 0x0000000083000000, 0x0000000082f00000| Untracked 
|  48|0x0000000083000000, 0x0000000083100000, 0x0000000083100000|100%| O|  |TAMS 0x0000000083100000, 0x0000000083000000| Untracked 
|  49|0x0000000083100000, 0x0000000083200000, 0x0000000083200000|100%| O|  |TAMS 0x0000000083200000, 0x0000000083100000| Untracked 
|  50|0x0000000083200000, 0x0000000083300000, 0x0000000083300000|100%| O|  |TAMS 0x0000000083300000, 0x0000000083200000| Untracked 
|  51|0x0000000083300000, 0x0000000083400000, 0x0000000083400000|100%| O|  |TAMS 0x0000000083400000, 0x0000000083300000| Untracked 
|  52|0x0000000083400000, 0x0000000083500000, 0x0000000083500000|100%| O|  |TAMS 0x0000000083500000, 0x0000000083400000| Untracked 
|  53|0x0000000083500000, 0x0000000083600000, 0x0000000083600000|100%| O|  |TAMS 0x0000000083600000, 0x0000000083500000| Untracked 
|  54|0x0000000083600000, 0x0000000083700000, 0x0000000083700000|100%| O|  |TAMS 0x0000000083700000, 0x0000000083600000| Untracked 
|  55|0x0000000083700000, 0x0000000083800000, 0x0000000083800000|100%| O|  |TAMS 0x0000000083700000, 0x0000000083700000| Untracked 
|  56|0x0000000083800000, 0x0000000083900000, 0x0000000083900000|100%| O|  |TAMS 0x0000000083800000, 0x0000000083800000| Untracked 
|  57|0x0000000083900000, 0x0000000083a00000, 0x0000000083a00000|100%| O|  |TAMS 0x0000000083900000, 0x0000000083900000| Untracked 
|  58|0x0000000083a00000, 0x0000000083b00000, 0x0000000083b00000|100%| O|  |TAMS 0x0000000083b00000, 0x0000000083a00000| Untracked 
|  59|0x0000000083b00000, 0x0000000083c00000, 0x0000000083c00000|100%| O|  |TAMS 0x0000000083c00000, 0x0000000083b00000| Untracked 
|  60|0x0000000083c00000, 0x0000000083d00000, 0x0000000083d00000|100%| O|  |TAMS 0x0000000083d00000, 0x0000000083c00000| Untracked 
|  61|0x0000000083d00000, 0x0000000083e00000, 0x0000000083e00000|100%| O|  |TAMS 0x0000000083e00000, 0x0000000083d00000| Untracked 
|  62|0x0000000083e00000, 0x0000000083f00000, 0x0000000083f00000|100%| O|  |TAMS 0x0000000083f00000, 0x0000000083e00000| Untracked 
|  63|0x0000000083f00000, 0x0000000084000000, 0x0000000084000000|100%| O|  |TAMS 0x0000000084000000, 0x0000000083f00000| Untracked 
|  64|0x0000000084000000, 0x0000000084100000, 0x0000000084100000|100%| O|  |TAMS 0x0000000084100000, 0x0000000084000000| Untracked 
|  65|0x0000000084100000, 0x0000000084200000, 0x0000000084200000|100%| O|  |TAMS 0x0000000084200000, 0x0000000084100000| Untracked 
|  66|0x0000000084200000, 0x0000000084300000, 0x0000000084300000|100%| O|  |TAMS 0x0000000084300000, 0x0000000084200000| Untracked 
|  67|0x0000000084300000, 0x0000000084400000, 0x0000000084400000|100%| O|  |TAMS 0x0000000084400000, 0x0000000084300000| Untracked 
|  68|0x0000000084400000, 0x0000000084500000, 0x0000000084500000|100%| O|  |TAMS 0x0000000084500000, 0x0000000084400000| Untracked 
|  69|0x0000000084500000, 0x0000000084600000, 0x0000000084600000|100%| O|  |TAMS 0x0000000084600000, 0x0000000084500000| Untracked 
|  70|0x0000000084600000, 0x0000000084700000, 0x0000000084700000|100%| O|  |TAMS 0x0000000084700000, 0x0000000084600000| Untracked 
|  71|0x0000000084700000, 0x0000000084800000, 0x0000000084800000|100%| O|  |TAMS 0x0000000084800000, 0x0000000084700000| Untracked 
|  72|0x0000000084800000, 0x0000000084900000, 0x0000000084900000|100%| O|  |TAMS 0x0000000084900000, 0x0000000084800000| Untracked 
|  73|0x0000000084900000, 0x0000000084a00000, 0x0000000084a00000|100%| O|  |TAMS 0x0000000084a00000, 0x0000000084900000| Untracked 
|  74|0x0000000084a00000, 0x0000000084b00000, 0x0000000084b00000|100%| O|  |TAMS 0x0000000084a00000, 0x0000000084a00000| Untracked 
|  75|0x0000000084b00000, 0x0000000084c00000, 0x0000000084c00000|100%| O|  |TAMS 0x0000000084b00000, 0x0000000084b00000| Untracked 
|  76|0x0000000084c00000, 0x0000000084d00000, 0x0000000084d00000|100%| O|  |TAMS 0x0000000084c00000, 0x0000000084c00000| Untracked 
|  77|0x0000000084d00000, 0x0000000084e00000, 0x0000000084e00000|100%| O|  |TAMS 0x0000000084d00000, 0x0000000084d00000| Untracked 
|  78|0x0000000084e00000, 0x0000000084f00000, 0x0000000084f00000|100%| O|  |TAMS 0x0000000084f00000, 0x0000000084e00000| Untracked 
|  79|0x0000000084f00000, 0x0000000085000000, 0x0000000085000000|100%| O|  |TAMS 0x0000000085000000, 0x0000000084f00000| Untracked 
|  80|0x0000000085000000, 0x0000000085100000, 0x0000000085100000|100%| O|  |TAMS 0x0000000085100000, 0x0000000085000000| Untracked 
|  81|0x0000000085100000, 0x0000000085200000, 0x0000000085200000|100%| O|  |TAMS 0x0000000085200000, 0x0000000085100000| Untracked 
|  82|0x0000000085200000, 0x0000000085300000, 0x0000000085300000|100%| O|  |TAMS 0x0000000085300000, 0x0000000085200000| Untracked 
|  83|0x0000000085300000, 0x0000000085400000, 0x0000000085400000|100%| O|  |TAMS 0x0000000085400000, 0x0000000085300000| Untracked 
|  84|0x0000000085400000, 0x0000000085500000, 0x0000000085500000|100%| O|  |TAMS 0x0000000085500000, 0x0000000085400000| Untracked 
|  85|0x0000000085500000, 0x0000000085600000, 0x0000000085600000|100%| O|  |TAMS 0x0000000085600000, 0x0000000085500000| Untracked 
|  86|0x0000000085600000, 0x0000000085700000, 0x0000000085700000|100%| O|  |TAMS 0x0000000085700000, 0x0000000085600000| Untracked 
|  87|0x0000000085700000, 0x0000000085800000, 0x0000000085800000|100%| O|  |TAMS 0x0000000085800000, 0x0000000085700000| Untracked 
|  88|0x0000000085800000, 0x0000000085900000, 0x0000000085900000|100%| O|  |TAMS 0x0000000085800000, 0x0000000085800000| Untracked 
|  89|0x0000000085900000, 0x0000000085a00000, 0x0000000085a00000|100%| O|  |TAMS 0x0000000085900000, 0x0000000085900000| Untracked 
|  90|0x0000000085a00000, 0x0000000085b00000, 0x0000000085b00000|100%| O|  |TAMS 0x0000000085b00000, 0x0000000085a00000| Untracked 
|  91|0x0000000085b00000, 0x0000000085c00000, 0x0000000085c00000|100%| O|  |TAMS 0x0000000085c00000, 0x0000000085b00000| Untracked 
|  92|0x0000000085c00000, 0x0000000085d00000, 0x0000000085d00000|100%| O|  |TAMS 0x0000000085d00000, 0x0000000085c00000| Untracked 
|  93|0x0000000085d00000, 0x0000000085e00000, 0x0000000085e00000|100%| O|  |TAMS 0x0000000085e00000, 0x0000000085d00000| Untracked 
|  94|0x0000000085e00000, 0x0000000085f00000, 0x0000000085f00000|100%| O|  |TAMS 0x0000000085f00000, 0x0000000085e00000| Untracked 
|  95|0x0000000085f00000, 0x0000000086000000, 0x0000000086000000|100%| O|  |TAMS 0x0000000086000000, 0x0000000085f00000| Untracked 
|  96|0x0000000086000000, 0x0000000086100000, 0x0000000086100000|100%| O|  |TAMS 0x0000000086100000, 0x0000000086000000| Untracked 
|  97|0x0000000086100000, 0x0000000086200000, 0x0000000086200000|100%| O|  |TAMS 0x0000000086200000, 0x0000000086100000| Untracked 
|  98|0x0000000086200000, 0x0000000086300000, 0x0000000086300000|100%| O|  |TAMS 0x0000000086300000, 0x0000000086200000| Untracked 
|  99|0x0000000086300000, 0x0000000086400000, 0x0000000086400000|100%| O|  |TAMS 0x0000000086400000, 0x0000000086300000| Untracked 
| 100|0x0000000086400000, 0x0000000086500000, 0x0000000086500000|100%| O|  |TAMS 0x0000000086500000, 0x0000000086400000| Untracked 
| 101|0x0000000086500000, 0x0000000086600000, 0x0000000086600000|100%| O|  |TAMS 0x0000000086600000, 0x0000000086500000| Untracked 
| 102|0x0000000086600000, 0x0000000086700000, 0x0000000086700000|100%| O|  |TAMS 0x0000000086700000, 0x0000000086600000| Untracked 
| 103|0x0000000086700000, 0x0000000086800000, 0x0000000086800000|100%| O|  |TAMS 0x0000000086800000, 0x0000000086700000| Untracked 
| 104|0x0000000086800000, 0x0000000086900000, 0x0000000086900000|100%| O|  |TAMS 0x0000000086900000, 0x0000000086800000| Untracked 
| 105|0x0000000086900000, 0x0000000086a00000, 0x0000000086a00000|100%| O|  |TAMS 0x0000000086a00000, 0x0000000086900000| Untracked 
| 106|0x0000000086a00000, 0x0000000086b00000, 0x0000000086b00000|100%| O|  |TAMS 0x0000000086b00000, 0x0000000086a00000| Untracked 
| 107|0x0000000086b00000, 0x0000000086c00000, 0x0000000086c00000|100%| O|  |TAMS 0x0000000086c00000, 0x0000000086b00000| Untracked 
| 108|0x0000000086c00000, 0x0000000086d00000, 0x0000000086d00000|100%| O|  |TAMS 0x0000000086d00000, 0x0000000086c00000| Untracked 
| 109|0x0000000086d00000, 0x0000000086e00000, 0x0000000086e00000|100%| O|  |TAMS 0x0000000086e00000, 0x0000000086d00000| Untracked 
| 110|0x0000000086e00000, 0x0000000086f00000, 0x0000000086f00000|100%| O|  |TAMS 0x0000000086f00000, 0x0000000086e00000| Untracked 
| 111|0x0000000086f00000, 0x0000000087000000, 0x0000000087000000|100%| O|  |TAMS 0x0000000087000000, 0x0000000086f00000| Untracked 
| 112|0x0000000087000000, 0x0000000087100000, 0x0000000087100000|100%| O|  |TAMS 0x0000000087100000, 0x0000000087000000| Untracked 
| 113|0x0000000087100000, 0x0000000087200000, 0x0000000087200000|100%| O|  |TAMS 0x0000000087200000, 0x0000000087100000| Untracked 
| 114|0x0000000087200000, 0x0000000087300000, 0x0000000087300000|100%| O|  |TAMS 0x0000000087300000, 0x0000000087200000| Untracked 
| 115|0x0000000087300000, 0x0000000087400000, 0x0000000087400000|100%| O|  |TAMS 0x0000000087400000, 0x0000000087300000| Untracked 
| 116|0x0000000087400000, 0x0000000087500000, 0x0000000087500000|100%| O|  |TAMS 0x0000000087500000, 0x0000000087400000| Untracked 
| 117|0x0000000087500000, 0x0000000087600000, 0x0000000087600000|100%| O|  |TAMS 0x0000000087600000, 0x0000000087500000| Untracked 
| 118|0x0000000087600000, 0x0000000087700000, 0x0000000087700000|100%| O|  |TAMS 0x0000000087700000, 0x0000000087600000| Untracked 
| 119|0x0000000087700000, 0x0000000087800000, 0x0000000087800000|100%| O|  |TAMS 0x0000000087800000, 0x0000000087700000| Untracked 
| 120|0x0000000087800000, 0x0000000087900000, 0x0000000087900000|100%| O|  |TAMS 0x0000000087900000, 0x0000000087800000| Untracked 
| 121|0x0000000087900000, 0x0000000087a00000, 0x0000000087a00000|100%| O|  |TAMS 0x0000000087a00000, 0x0000000087900000| Untracked 
| 122|0x0000000087a00000, 0x0000000087b00000, 0x0000000087b00000|100%| O|  |TAMS 0x0000000087b00000, 0x0000000087a00000| Untracked 
| 123|0x0000000087b00000, 0x0000000087c00000, 0x0000000087c00000|100%| O|  |TAMS 0x0000000087c00000, 0x0000000087b00000| Untracked 
| 124|0x0000000087c00000, 0x0000000087d00000, 0x0000000087d00000|100%| O|  |TAMS 0x0000000087d00000, 0x0000000087c00000| Untracked 
| 125|0x0000000087d00000, 0x0000000087e00000, 0x0000000087e00000|100%| O|  |TAMS 0x0000000087e00000, 0x0000000087d00000| Untracked 
| 126|0x0000000087e00000, 0x0000000087f00000, 0x0000000087f00000|100%| O|  |TAMS 0x0000000087f00000, 0x0000000087e00000| Untracked 
| 127|0x0000000087f00000, 0x0000000088000000, 0x0000000088000000|100%| O|  |TAMS 0x0000000088000000, 0x0000000087f00000| Untracked 
| 128|0x0000000088000000, 0x0000000088100000, 0x0000000088100000|100%| O|  |TAMS 0x0000000088100000, 0x0000000088000000| Untracked 
| 129|0x0000000088100000, 0x0000000088200000, 0x0000000088200000|100%| O|  |TAMS 0x0000000088100000, 0x0000000088100000| Untracked 
| 130|0x0000000088200000, 0x0000000088300000, 0x0000000088300000|100%| O|  |TAMS 0x0000000088200000, 0x0000000088200000| Untracked 
| 131|0x0000000088300000, 0x00000000883f8000, 0x0000000088400000| 96%| O|  |TAMS 0x0000000088300000, 0x0000000088300000| Untracked 
| 132|0x0000000088400000, 0x0000000088400000, 0x0000000088500000|  0%| F|  |TAMS 0x0000000088400000, 0x0000000088400000| Untracked 
| 133|0x0000000088500000, 0x0000000088500000, 0x0000000088600000|  0%| F|  |TAMS 0x0000000088500000, 0x0000000088500000| Untracked 
| 134|0x0000000088600000, 0x0000000088600000, 0x0000000088700000|  0%| F|  |TAMS 0x0000000088600000, 0x0000000088600000| Untracked 
| 135|0x0000000088700000, 0x0000000088700000, 0x0000000088800000|  0%| F|  |TAMS 0x0000000088700000, 0x0000000088700000| Untracked 
| 136|0x0000000088800000, 0x0000000088800000, 0x0000000088900000|  0%| F|  |TAMS 0x0000000088800000, 0x0000000088800000| Untracked 
| 137|0x0000000088900000, 0x0000000088900000, 0x0000000088a00000|  0%| F|  |TAMS 0x0000000088900000, 0x0000000088900000| Untracked 
| 138|0x0000000088a00000, 0x0000000088a00000, 0x0000000088b00000|  0%| F|  |TAMS 0x0000000088a00000, 0x0000000088a00000| Untracked 
| 139|0x0000000088b00000, 0x0000000088b00000, 0x0000000088c00000|  0%| F|  |TAMS 0x0000000088b00000, 0x0000000088b00000| Untracked 
| 140|0x0000000088c00000, 0x0000000088c00000, 0x0000000088d00000|  0%| F|  |TAMS 0x0000000088c00000, 0x0000000088c00000| Untracked 
| 141|0x0000000088d00000, 0x0000000088d00000, 0x0000000088e00000|  0%| F|  |TAMS 0x0000000088d00000, 0x0000000088d00000| Untracked 
| 142|0x0000000088e00000, 0x0000000088e00000, 0x0000000088f00000|  0%| F|  |TAMS 0x0000000088e00000, 0x0000000088e00000| Untracked 
| 143|0x0000000088f00000, 0x0000000088f00000, 0x0000000089000000|  0%| F|  |TAMS 0x0000000088f00000, 0x0000000088f00000| Untracked 
| 144|0x0000000089000000, 0x0000000089000000, 0x0000000089100000|  0%| F|  |TAMS 0x0000000089000000, 0x0000000089000000| Untracked 
| 145|0x0000000089100000, 0x0000000089100000, 0x0000000089200000|  0%| F|  |TAMS 0x0000000089100000, 0x0000000089100000| Untracked 
| 146|0x0000000089200000, 0x0000000089200000, 0x0000000089300000|  0%| F|  |TAMS 0x0000000089200000, 0x0000000089200000| Untracked 
| 147|0x0000000089300000, 0x0000000089400000, 0x0000000089400000|100%| O|  |TAMS 0x0000000089300000, 0x0000000089300000| Untracked 
| 148|0x0000000089400000, 0x0000000089500000, 0x0000000089500000|100%| O|  |TAMS 0x0000000089400000, 0x0000000089400000| Untracked 
| 149|0x0000000089500000, 0x0000000089500000, 0x0000000089600000|  0%| F|  |TAMS 0x0000000089500000, 0x0000000089500000| Untracked 
| 150|0x0000000089600000, 0x0000000089600000, 0x0000000089700000|  0%| F|  |TAMS 0x0000000089600000, 0x0000000089600000| Untracked 
| 151|0x0000000089700000, 0x0000000089700000, 0x0000000089800000|  0%| F|  |TAMS 0x0000000089700000, 0x0000000089700000| Untracked 
| 152|0x0000000089800000, 0x0000000089800000, 0x0000000089900000|  0%| F|  |TAMS 0x0000000089800000, 0x0000000089800000| Untracked 
| 153|0x0000000089900000, 0x0000000089900000, 0x0000000089a00000|  0%| F|  |TAMS 0x0000000089900000, 0x0000000089900000| Untracked 
| 154|0x0000000089a00000, 0x0000000089a00000, 0x0000000089b00000|  0%| F|  |TAMS 0x0000000089a00000, 0x0000000089a00000| Untracked 
| 155|0x0000000089b00000, 0x0000000089b00000, 0x0000000089c00000|  0%| F|  |TAMS 0x0000000089b00000, 0x0000000089b00000| Untracked 
| 156|0x0000000089c00000, 0x0000000089c00000, 0x0000000089d00000|  0%| F|  |TAMS 0x0000000089c00000, 0x0000000089c00000| Untracked 
| 157|0x0000000089d00000, 0x0000000089d00000, 0x0000000089e00000|  0%| F|  |TAMS 0x0000000089d00000, 0x0000000089d00000| Untracked 
| 158|0x0000000089e00000, 0x0000000089e00000, 0x0000000089f00000|  0%| F|  |TAMS 0x0000000089e00000, 0x0000000089e00000| Untracked 
| 159|0x0000000089f00000, 0x0000000089f00000, 0x000000008a000000|  0%| F|  |TAMS 0x0000000089f00000, 0x0000000089f00000| Untracked 
| 160|0x000000008a000000, 0x000000008a000000, 0x000000008a100000|  0%| F|  |TAMS 0x000000008a000000, 0x000000008a000000| Untracked 
| 161|0x000000008a100000, 0x000000008a100000, 0x000000008a200000|  0%| F|  |TAMS 0x000000008a100000, 0x000000008a100000| Untracked 
| 162|0x000000008a200000, 0x000000008a200000, 0x000000008a300000|  0%| F|  |TAMS 0x000000008a200000, 0x000000008a200000| Untracked 
| 163|0x000000008a300000, 0x000000008a300000, 0x000000008a400000|  0%| F|  |TAMS 0x000000008a300000, 0x000000008a300000| Untracked 
| 164|0x000000008a400000, 0x000000008a400000, 0x000000008a500000|  0%| F|  |TAMS 0x000000008a400000, 0x000000008a400000| Untracked 
| 165|0x000000008a500000, 0x000000008a500000, 0x000000008a600000|  0%| F|  |TAMS 0x000000008a500000, 0x000000008a500000| Untracked 
| 166|0x000000008a600000, 0x000000008a600000, 0x000000008a700000|  0%| F|  |TAMS 0x000000008a600000, 0x000000008a600000| Untracked 
| 167|0x000000008a700000, 0x000000008a700000, 0x000000008a800000|  0%| F|  |TAMS 0x000000008a700000, 0x000000008a700000| Untracked 
| 168|0x000000008a800000, 0x000000008a800000, 0x000000008a900000|  0%| F|  |TAMS 0x000000008a800000, 0x000000008a800000| Untracked 
| 169|0x000000008a900000, 0x000000008a900000, 0x000000008aa00000|  0%| F|  |TAMS 0x000000008a900000, 0x000000008a900000| Untracked 
| 170|0x000000008aa00000, 0x000000008aa00000, 0x000000008ab00000|  0%| F|  |TAMS 0x000000008aa00000, 0x000000008aa00000| Untracked 
| 171|0x000000008ab00000, 0x000000008ab00000, 0x000000008ac00000|  0%| F|  |TAMS 0x000000008ab00000, 0x000000008ab00000| Untracked 
| 172|0x000000008ac00000, 0x000000008ac00000, 0x000000008ad00000|  0%| F|  |TAMS 0x000000008ac00000, 0x000000008ac00000| Untracked 
| 173|0x000000008ad00000, 0x000000008ad00000, 0x000000008ae00000|  0%| F|  |TAMS 0x000000008ad00000, 0x000000008ad00000| Untracked 
| 174|0x000000008ae00000, 0x000000008ae00000, 0x000000008af00000|  0%| F|  |TAMS 0x000000008ae00000, 0x000000008ae00000| Untracked 
| 175|0x000000008af00000, 0x000000008af00000, 0x000000008b000000|  0%| F|  |TAMS 0x000000008af00000, 0x000000008af00000| Untracked 
| 176|0x000000008b000000, 0x000000008b000000, 0x000000008b100000|  0%| F|  |TAMS 0x000000008b000000, 0x000000008b000000| Untracked 
| 177|0x000000008b100000, 0x000000008b100000, 0x000000008b200000|  0%| F|  |TAMS 0x000000008b100000, 0x000000008b100000| Untracked 
| 178|0x000000008b200000, 0x000000008b200000, 0x000000008b300000|  0%| F|  |TAMS 0x000000008b200000, 0x000000008b200000| Untracked 
| 179|0x000000008b300000, 0x000000008b300000, 0x000000008b400000|  0%| F|  |TAMS 0x000000008b300000, 0x000000008b300000| Untracked 
| 180|0x000000008b400000, 0x000000008b400000, 0x000000008b500000|  0%| F|  |TAMS 0x000000008b400000, 0x000000008b400000| Untracked 
| 181|0x000000008b500000, 0x000000008b500000, 0x000000008b600000|  0%| F|  |TAMS 0x000000008b500000, 0x000000008b500000| Untracked 
| 182|0x000000008b600000, 0x000000008b600000, 0x000000008b700000|  0%| F|  |TAMS 0x000000008b600000, 0x000000008b600000| Untracked 
| 183|0x000000008b700000, 0x000000008b700000, 0x000000008b800000|  0%| F|  |TAMS 0x000000008b700000, 0x000000008b700000| Untracked 
| 184|0x000000008b800000, 0x000000008b800000, 0x000000008b900000|  0%| F|  |TAMS 0x000000008b800000, 0x000000008b800000| Untracked 
| 185|0x000000008b900000, 0x000000008b900000, 0x000000008ba00000|  0%| F|  |TAMS 0x000000008b900000, 0x000000008b900000| Untracked 
| 186|0x000000008ba00000, 0x000000008ba00000, 0x000000008bb00000|  0%| F|  |TAMS 0x000000008ba00000, 0x000000008ba00000| Untracked 
| 187|0x000000008bb00000, 0x000000008bb00000, 0x000000008bc00000|  0%| F|  |TAMS 0x000000008bb00000, 0x000000008bb00000| Untracked 
| 188|0x000000008bc00000, 0x000000008bc00000, 0x000000008bd00000|  0%| F|  |TAMS 0x000000008bc00000, 0x000000008bc00000| Untracked 
| 189|0x000000008bd00000, 0x000000008bd00000, 0x000000008be00000|  0%| F|  |TAMS 0x000000008bd00000, 0x000000008bd00000| Untracked 
| 190|0x000000008be00000, 0x000000008be00000, 0x000000008bf00000|  0%| F|  |TAMS 0x000000008be00000, 0x000000008be00000| Untracked 
| 191|0x000000008bf00000, 0x000000008bf00000, 0x000000008c000000|  0%| F|  |TAMS 0x000000008bf00000, 0x000000008bf00000| Untracked 
| 192|0x000000008c000000, 0x000000008c000000, 0x000000008c100000|  0%| F|  |TAMS 0x000000008c000000, 0x000000008c000000| Untracked 
| 193|0x000000008c100000, 0x000000008c100000, 0x000000008c200000|  0%| F|  |TAMS 0x000000008c100000, 0x000000008c100000| Untracked 
| 194|0x000000008c200000, 0x000000008c200000, 0x000000008c300000|  0%| F|  |TAMS 0x000000008c200000, 0x000000008c200000| Untracked 
| 195|0x000000008c300000, 0x000000008c300000, 0x000000008c400000|  0%| F|  |TAMS 0x000000008c300000, 0x000000008c300000| Untracked 
| 196|0x000000008c400000, 0x000000008c400000, 0x000000008c500000|  0%| F|  |TAMS 0x000000008c400000, 0x000000008c400000| Untracked 
| 197|0x000000008c500000, 0x000000008c500000, 0x000000008c600000|  0%| F|  |TAMS 0x000000008c500000, 0x000000008c500000| Untracked 
| 198|0x000000008c600000, 0x000000008c600000, 0x000000008c700000|  0%| F|  |TAMS 0x000000008c600000, 0x000000008c600000| Untracked 
| 199|0x000000008c700000, 0x000000008c800000, 0x000000008c800000|100%| S|CS|TAMS 0x000000008c700000, 0x000000008c700000| Complete 
| 200|0x000000008c800000, 0x000000008c900000, 0x000000008c900000|100%| S|CS|TAMS 0x000000008c800000, 0x000000008c800000| Complete 
| 201|0x000000008c900000, 0x000000008ca00000, 0x000000008ca00000|100%| S|CS|TAMS 0x000000008c900000, 0x000000008c900000| Complete 
| 202|0x000000008ca00000, 0x000000008cb00000, 0x000000008cb00000|100%| S|CS|TAMS 0x000000008ca00000, 0x000000008ca00000| Complete 
| 203|0x000000008cb00000, 0x000000008cc00000, 0x000000008cc00000|100%| S|CS|TAMS 0x000000008cb00000, 0x000000008cb00000| Complete 
| 204|0x000000008cc00000, 0x000000008cd00000, 0x000000008cd00000|100%| S|CS|TAMS 0x000000008cc00000, 0x000000008cc00000| Complete 
| 205|0x000000008cd00000, 0x000000008ce00000, 0x000000008ce00000|100%| S|CS|TAMS 0x000000008cd00000, 0x000000008cd00000| Complete 
| 206|0x000000008ce00000, 0x000000008cf00000, 0x000000008cf00000|100%| S|CS|TAMS 0x000000008ce00000, 0x000000008ce00000| Complete 
| 207|0x000000008cf00000, 0x000000008d000000, 0x000000008d000000|100%| S|CS|TAMS 0x000000008cf00000, 0x000000008cf00000| Complete 
| 208|0x000000008d000000, 0x000000008d100000, 0x000000008d100000|100%| S|CS|TAMS 0x000000008d000000, 0x000000008d000000| Complete 
| 209|0x000000008d100000, 0x000000008d100000, 0x000000008d200000|  0%| F|  |TAMS 0x000000008d100000, 0x000000008d100000| Untracked 
| 210|0x000000008d200000, 0x000000008d200000, 0x000000008d300000|  0%| F|  |TAMS 0x000000008d200000, 0x000000008d200000| Untracked 
| 211|0x000000008d300000, 0x000000008d300000, 0x000000008d400000|  0%| F|  |TAMS 0x000000008d300000, 0x000000008d300000| Untracked 
| 212|0x000000008d400000, 0x000000008d400000, 0x000000008d500000|  0%| F|  |TAMS 0x000000008d400000, 0x000000008d400000| Untracked 
| 213|0x000000008d500000, 0x000000008d500000, 0x000000008d600000|  0%| F|  |TAMS 0x000000008d500000, 0x000000008d500000| Untracked 
| 214|0x000000008d600000, 0x000000008d600000, 0x000000008d700000|  0%| F|  |TAMS 0x000000008d600000, 0x000000008d600000| Untracked 
| 215|0x000000008d700000, 0x000000008d700000, 0x000000008d800000|  0%| F|  |TAMS 0x000000008d700000, 0x000000008d700000| Untracked 
| 216|0x000000008d800000, 0x000000008d800000, 0x000000008d900000|  0%| F|  |TAMS 0x000000008d800000, 0x000000008d800000| Untracked 
| 217|0x000000008d900000, 0x000000008d900000, 0x000000008da00000|  0%| F|  |TAMS 0x000000008d900000, 0x000000008d900000| Untracked 
| 218|0x000000008da00000, 0x000000008da00000, 0x000000008db00000|  0%| F|  |TAMS 0x000000008da00000, 0x000000008da00000| Untracked 
| 219|0x000000008db00000, 0x000000008db00000, 0x000000008dc00000|  0%| F|  |TAMS 0x000000008db00000, 0x000000008db00000| Untracked 
| 220|0x000000008dc00000, 0x000000008dc00000, 0x000000008dd00000|  0%| F|  |TAMS 0x000000008dc00000, 0x000000008dc00000| Untracked 
| 221|0x000000008dd00000, 0x000000008dd00000, 0x000000008de00000|  0%| F|  |TAMS 0x000000008dd00000, 0x000000008dd00000| Untracked 
| 222|0x000000008de00000, 0x000000008de00000, 0x000000008df00000|  0%| F|  |TAMS 0x000000008de00000, 0x000000008de00000| Untracked 
| 223|0x000000008df00000, 0x000000008df00000, 0x000000008e000000|  0%| F|  |TAMS 0x000000008df00000, 0x000000008df00000| Untracked 
| 224|0x000000008e000000, 0x000000008e000000, 0x000000008e100000|  0%| F|  |TAMS 0x000000008e000000, 0x000000008e000000| Untracked 
| 225|0x000000008e100000, 0x000000008e100000, 0x000000008e200000|  0%| F|  |TAMS 0x000000008e100000, 0x000000008e100000| Untracked 
| 226|0x000000008e200000, 0x000000008e200000, 0x000000008e300000|  0%| F|  |TAMS 0x000000008e200000, 0x000000008e200000| Untracked 
| 227|0x000000008e300000, 0x000000008e300000, 0x000000008e400000|  0%| F|  |TAMS 0x000000008e300000, 0x000000008e300000| Untracked 
| 228|0x000000008e400000, 0x000000008e471038, 0x000000008e500000| 44%| E|  |TAMS 0x000000008e400000, 0x000000008e400000| Complete 
| 229|0x000000008e500000, 0x000000008e600000, 0x000000008e600000|100%| E|CS|TAMS 0x000000008e500000, 0x000000008e500000| Complete 
| 230|0x000000008e600000, 0x000000008e700000, 0x000000008e700000|100%| E|CS|TAMS 0x000000008e600000, 0x000000008e600000| Complete 
| 231|0x000000008e700000, 0x000000008e800000, 0x000000008e800000|100%| E|CS|TAMS 0x000000008e700000, 0x000000008e700000| Complete 
| 232|0x000000008e800000, 0x000000008e900000, 0x000000008e900000|100%| E|CS|TAMS 0x000000008e800000, 0x000000008e800000| Complete 
| 233|0x000000008e900000, 0x000000008ea00000, 0x000000008ea00000|100%| E|CS|TAMS 0x000000008e900000, 0x000000008e900000| Complete 
| 234|0x000000008ea00000, 0x000000008eb00000, 0x000000008eb00000|100%| E|CS|TAMS 0x000000008ea00000, 0x000000008ea00000| Complete 
| 235|0x000000008eb00000, 0x000000008ec00000, 0x000000008ec00000|100%| E|CS|TAMS 0x000000008eb00000, 0x000000008eb00000| Complete 
| 236|0x000000008ec00000, 0x000000008ed00000, 0x000000008ed00000|100%| E|CS|TAMS 0x000000008ec00000, 0x000000008ec00000| Complete 
| 237|0x000000008ed00000, 0x000000008ee00000, 0x000000008ee00000|100%| E|CS|TAMS 0x000000008ed00000, 0x000000008ed00000| Complete 
| 238|0x000000008ee00000, 0x000000008ef00000, 0x000000008ef00000|100%| E|CS|TAMS 0x000000008ee00000, 0x000000008ee00000| Complete 
| 239|0x000000008ef00000, 0x000000008f000000, 0x000000008f000000|100%| E|CS|TAMS 0x000000008ef00000, 0x000000008ef00000| Complete 
| 240|0x000000008f000000, 0x000000008f100000, 0x000000008f100000|100%| E|CS|TAMS 0x000000008f000000, 0x000000008f000000| Complete 
| 241|0x000000008f100000, 0x000000008f200000, 0x000000008f200000|100%| E|CS|TAMS 0x000000008f100000, 0x000000008f100000| Complete 
| 242|0x000000008f200000, 0x000000008f300000, 0x000000008f300000|100%| E|CS|TAMS 0x000000008f200000, 0x000000008f200000| Complete 
| 243|0x000000008f300000, 0x000000008f400000, 0x000000008f400000|100%| E|CS|TAMS 0x000000008f300000, 0x000000008f300000| Complete 
| 244|0x000000008f400000, 0x000000008f500000, 0x000000008f500000|100%| E|CS|TAMS 0x000000008f400000, 0x000000008f400000| Complete 
| 245|0x000000008f500000, 0x000000008f600000, 0x000000008f600000|100%| E|CS|TAMS 0x000000008f500000, 0x000000008f500000| Complete 
| 246|0x000000008f600000, 0x000000008f700000, 0x000000008f700000|100%| E|CS|TAMS 0x000000008f600000, 0x000000008f600000| Complete 
| 247|0x000000008f700000, 0x000000008f800000, 0x000000008f800000|100%| E|CS|TAMS 0x000000008f700000, 0x000000008f700000| Complete 
| 248|0x000000008f800000, 0x000000008f900000, 0x000000008f900000|100%| E|CS|TAMS 0x000000008f800000, 0x000000008f800000| Complete 
| 249|0x000000008f900000, 0x000000008fa00000, 0x000000008fa00000|100%| E|CS|TAMS 0x000000008f900000, 0x000000008f900000| Complete 
| 250|0x000000008fa00000, 0x000000008fb00000, 0x000000008fb00000|100%| E|CS|TAMS 0x000000008fa00000, 0x000000008fa00000| Complete 
| 251|0x000000008fb00000, 0x000000008fc00000, 0x000000008fc00000|100%| E|CS|TAMS 0x000000008fb00000, 0x000000008fb00000| Complete 
| 252|0x000000008fc00000, 0x000000008fd00000, 0x000000008fd00000|100%| E|CS|TAMS 0x000000008fc00000, 0x000000008fc00000| Complete 
| 253|0x000000008fd00000, 0x000000008fe00000, 0x000000008fe00000|100%| E|CS|TAMS 0x000000008fd00000, 0x000000008fd00000| Complete 
| 254|0x000000008fe00000, 0x000000008ff00000, 0x000000008ff00000|100%| E|CS|TAMS 0x000000008fe00000, 0x000000008fe00000| Complete 
| 255|0x000000008ff00000, 0x0000000090000000, 0x0000000090000000|100%| E|CS|TAMS 0x000000008ff00000, 0x000000008ff00000| Complete 
| 256|0x0000000090000000, 0x0000000090100000, 0x0000000090100000|100%| E|CS|TAMS 0x0000000090000000, 0x0000000090000000| Complete 
| 257|0x0000000090100000, 0x0000000090200000, 0x0000000090200000|100%| E|CS|TAMS 0x0000000090100000, 0x0000000090100000| Complete 
| 258|0x0000000090200000, 0x0000000090300000, 0x0000000090300000|100%| E|CS|TAMS 0x0000000090200000, 0x0000000090200000| Complete 
| 259|0x0000000090300000, 0x0000000090400000, 0x0000000090400000|100%| E|CS|TAMS 0x0000000090300000, 0x0000000090300000| Complete 
| 260|0x0000000090400000, 0x0000000090500000, 0x0000000090500000|100%| E|CS|TAMS 0x0000000090400000, 0x0000000090400000| Complete 
| 261|0x0000000090500000, 0x0000000090600000, 0x0000000090600000|100%| E|CS|TAMS 0x0000000090500000, 0x0000000090500000| Complete 
| 262|0x0000000090600000, 0x0000000090700000, 0x0000000090700000|100%| E|CS|TAMS 0x0000000090600000, 0x0000000090600000| Complete 
| 263|0x0000000090700000, 0x0000000090800000, 0x0000000090800000|100%| E|CS|TAMS 0x0000000090700000, 0x0000000090700000| Complete 
| 264|0x0000000090800000, 0x0000000090900000, 0x0000000090900000|100%| E|CS|TAMS 0x0000000090800000, 0x0000000090800000| Complete 
| 265|0x0000000090900000, 0x0000000090a00000, 0x0000000090a00000|100%| E|CS|TAMS 0x0000000090900000, 0x0000000090900000| Complete 
| 266|0x0000000090a00000, 0x0000000090b00000, 0x0000000090b00000|100%| E|CS|TAMS 0x0000000090a00000, 0x0000000090a00000| Complete 
| 267|0x0000000090b00000, 0x0000000090c00000, 0x0000000090c00000|100%| E|CS|TAMS 0x0000000090b00000, 0x0000000090b00000| Complete 
| 268|0x0000000090c00000, 0x0000000090d00000, 0x0000000090d00000|100%| E|CS|TAMS 0x0000000090c00000, 0x0000000090c00000| Complete 
| 269|0x0000000090d00000, 0x0000000090e00000, 0x0000000090e00000|100%| E|CS|TAMS 0x0000000090d00000, 0x0000000090d00000| Complete 
| 270|0x0000000090e00000, 0x0000000090f00000, 0x0000000090f00000|100%| E|CS|TAMS 0x0000000090e00000, 0x0000000090e00000| Complete 
| 271|0x0000000090f00000, 0x0000000091000000, 0x0000000091000000|100%| E|CS|TAMS 0x0000000090f00000, 0x0000000090f00000| Complete 
| 272|0x0000000091000000, 0x0000000091100000, 0x0000000091100000|100%| E|CS|TAMS 0x0000000091000000, 0x0000000091000000| Complete 
| 273|0x0000000091100000, 0x0000000091200000, 0x0000000091200000|100%| E|CS|TAMS 0x0000000091100000, 0x0000000091100000| Complete 
| 274|0x0000000091200000, 0x0000000091300000, 0x0000000091300000|100%| E|CS|TAMS 0x0000000091200000, 0x0000000091200000| Complete 
| 275|0x0000000091300000, 0x0000000091400000, 0x0000000091400000|100%| E|CS|TAMS 0x0000000091300000, 0x0000000091300000| Complete 
| 276|0x0000000091400000, 0x0000000091500000, 0x0000000091500000|100%| E|CS|TAMS 0x0000000091400000, 0x0000000091400000| Complete 
| 277|0x0000000091500000, 0x0000000091600000, 0x0000000091600000|100%| E|CS|TAMS 0x0000000091500000, 0x0000000091500000| Complete 
| 278|0x0000000091600000, 0x0000000091700000, 0x0000000091700000|100%| E|CS|TAMS 0x0000000091600000, 0x0000000091600000| Complete 
| 279|0x0000000091700000, 0x0000000091800000, 0x0000000091800000|100%| E|CS|TAMS 0x0000000091700000, 0x0000000091700000| Complete 
| 280|0x0000000091800000, 0x0000000091900000, 0x0000000091900000|100%| E|CS|TAMS 0x0000000091800000, 0x0000000091800000| Complete 
| 281|0x0000000091900000, 0x0000000091a00000, 0x0000000091a00000|100%| E|CS|TAMS 0x0000000091900000, 0x0000000091900000| Complete 
| 282|0x0000000091a00000, 0x0000000091b00000, 0x0000000091b00000|100%| E|CS|TAMS 0x0000000091a00000, 0x0000000091a00000| Complete 
| 283|0x0000000091b00000, 0x0000000091c00000, 0x0000000091c00000|100%| E|CS|TAMS 0x0000000091b00000, 0x0000000091b00000| Complete 
| 284|0x0000000091c00000, 0x0000000091d00000, 0x0000000091d00000|100%| E|CS|TAMS 0x0000000091c00000, 0x0000000091c00000| Complete 
| 285|0x0000000091d00000, 0x0000000091e00000, 0x0000000091e00000|100%| E|CS|TAMS 0x0000000091d00000, 0x0000000091d00000| Complete 
| 286|0x0000000091e00000, 0x0000000091f00000, 0x0000000091f00000|100%| E|CS|TAMS 0x0000000091e00000, 0x0000000091e00000| Complete 
| 287|0x0000000091f00000, 0x0000000092000000, 0x0000000092000000|100%| E|CS|TAMS 0x0000000091f00000, 0x0000000091f00000| Complete 
| 288|0x0000000092000000, 0x0000000092100000, 0x0000000092100000|100%| E|CS|TAMS 0x0000000092000000, 0x0000000092000000| Complete 
| 289|0x0000000092100000, 0x0000000092200000, 0x0000000092200000|100%| E|CS|TAMS 0x0000000092100000, 0x0000000092100000| Complete 
| 290|0x0000000092200000, 0x0000000092300000, 0x0000000092300000|100%| E|CS|TAMS 0x0000000092200000, 0x0000000092200000| Complete 
| 291|0x0000000092300000, 0x0000000092400000, 0x0000000092400000|100%| E|CS|TAMS 0x0000000092300000, 0x0000000092300000| Complete 
| 292|0x0000000092400000, 0x0000000092500000, 0x0000000092500000|100%| E|CS|TAMS 0x0000000092400000, 0x0000000092400000| Complete 
| 293|0x0000000092500000, 0x0000000092600000, 0x0000000092600000|100%| E|CS|TAMS 0x0000000092500000, 0x0000000092500000| Complete 
| 294|0x0000000092600000, 0x0000000092700000, 0x0000000092700000|100%| E|CS|TAMS 0x0000000092600000, 0x0000000092600000| Complete 
| 295|0x0000000092700000, 0x0000000092800000, 0x0000000092800000|100%| E|CS|TAMS 0x0000000092700000, 0x0000000092700000| Complete 
| 296|0x0000000092800000, 0x0000000092900000, 0x0000000092900000|100%| E|CS|TAMS 0x0000000092800000, 0x0000000092800000| Complete 
| 297|0x0000000092900000, 0x0000000092a00000, 0x0000000092a00000|100%| E|CS|TAMS 0x0000000092900000, 0x0000000092900000| Complete 
| 298|0x0000000092a00000, 0x0000000092b00000, 0x0000000092b00000|100%| E|CS|TAMS 0x0000000092a00000, 0x0000000092a00000| Complete 
| 299|0x0000000092b00000, 0x0000000092c00000, 0x0000000092c00000|100%| E|CS|TAMS 0x0000000092b00000, 0x0000000092b00000| Complete 
| 300|0x0000000092c00000, 0x0000000092d00000, 0x0000000092d00000|100%| E|CS|TAMS 0x0000000092c00000, 0x0000000092c00000| Complete 
| 301|0x0000000092d00000, 0x0000000092e00000, 0x0000000092e00000|100%| E|  |TAMS 0x0000000092d00000, 0x0000000092d00000| Complete 
| 302|0x0000000092e00000, 0x0000000092f00000, 0x0000000092f00000|100%| E|CS|TAMS 0x0000000092e00000, 0x0000000092e00000| Complete 
| 303|0x0000000092f00000, 0x0000000093000000, 0x0000000093000000|100%| E|CS|TAMS 0x0000000092f00000, 0x0000000092f00000| Complete 
| 304|0x0000000093000000, 0x0000000093100000, 0x0000000093100000|100%| E|CS|TAMS 0x0000000093000000, 0x0000000093000000| Complete 

Card table byte_map: [0x000001c9264b0000,0x000001c9268b0000] _byte_map_base: 0x000001c9260b0000

Marking Bits (Prev, Next): (CMBitMap*) 0x000001c9117dd1c8, (CMBitMap*) 0x000001c9117dd200
 Prev Bits: [0x000001c926cb0000, 0x000001c928cb0000)
 Next Bits: [0x000001c928cb0000, 0x000001c92acb0000)

Polling page: 0x000001c911620000

Metaspace:

Usage:
  Non-class:     95.79 MB capacity,    94.19 MB ( 98%) used,     1.32 MB (  1%) free+waste,   295.94 KB ( <1%) overhead. 
      Class:     14.25 MB capacity,    13.40 MB ( 94%) used,   745.60 KB (  5%) free+waste,   129.50 KB ( <1%) overhead. 
       Both:    110.05 MB capacity,   107.58 MB ( 98%) used,     2.05 MB (  2%) free+waste,   425.44 KB ( <1%) overhead. 

Virtual space:
  Non-class space:       98.00 MB reserved,      96.04 MB ( 98%) committed 
      Class space:        1.00 GB reserved,      14.38 MB (  1%) committed 
             Both:        1.10 GB reserved,     110.41 MB ( 10%) committed 

Chunk freelists:
   Non-Class:  1.00 KB
       Class:  0 bytes
        Both:  1.00 KB

MaxMetaspaceSize: 17179869184.00 GB
CompressedClassSpaceSize: 1.00 GB

CodeHeap 'non-profiled nmethods': size=120064Kb used=10616Kb max_used=10616Kb free=109447Kb
 bounds [0x000001c91e550000, 0x000001c91efb0000, 0x000001c925a90000]
CodeHeap 'profiled nmethods': size=120000Kb used=34966Kb max_used=34966Kb free=85033Kb
 bounds [0x000001c917020000, 0x000001c919250000, 0x000001c91e550000]
CodeHeap 'non-nmethods': size=5696Kb used=2346Kb max_used=2365Kb free=3349Kb
 bounds [0x000001c916a90000, 0x000001c916d00000, 0x000001c917020000]
 total_blobs=16205 nmethods=15234 adapters=882
 compilation: enabled
              stopped_count=0, restarted_count=0
 full_count=0

Compilation events (20 events):
Event: 49.599 Thread 0x000001c92dbde800 15351       3       java.util.RegularEnumSet::<init> (12 bytes)
Event: 49.600 Thread 0x000001c92dbde800 nmethod 15351 0x000001c919243390 code [0x000001c919243560, 0x000001c919243898]
Event: 49.600 Thread 0x000001c92dbde800 15352       3       java.util.EnumSet::<init> (15 bytes)
Event: 49.600 Thread 0x000001c92dbde800 nmethod 15352 0x000001c919243a10 code [0x000001c919243be0, 0x000001c919243eb8]
Event: 49.632 Thread 0x000001c92dbde800 15353       3       java.lang.invoke.MethodType::insertParameterTypes (10 bytes)
Event: 49.632 Thread 0x000001c92dbde800 nmethod 15353 0x000001c919244010 code [0x000001c919244200, 0x000001c919244638]
Event: 49.652 Thread 0x000001c92dbde800 15357   !   3       java.io.ObjectStreamClass::getPrivateMethod (56 bytes)
Event: 49.653 Thread 0x000001c92dbde800 nmethod 15357 0x000001c919244790 code [0x000001c9192449c0, 0x000001c9192450d8]
Event: 49.663 Thread 0x000001c92dbde800 15359       3       jdk.internal.reflect.MethodAccessorGenerator::isInterface (8 bytes)
Event: 49.663 Thread 0x000001c933542800 15356       4       java.io.ObjectOutputStream$BlockDataOutputStream::drain (45 bytes)
Event: 49.663 Thread 0x000001c92dbde800 nmethod 15359 0x000001c919245490 code [0x000001c919245640, 0x000001c919245788]
Event: 49.665 Thread 0x000001c933542800 nmethod 15356 0x000001c91efac010 code [0x000001c91efac1c0, 0x000001c91efac368]
Event: 49.665 Thread 0x000001c933542800 15292       4       java.io.ObjectInputStream$PeekInputStream::peek (49 bytes)
Event: 49.671 Thread 0x000001c933542800 nmethod 15292 0x000001c91efac590 code [0x000001c91efac760, 0x000001c91eface28]
Event: 49.671 Thread 0x000001c933542800 15358       4       java.net.URL::toExternalForm (9 bytes)
Event: 49.672 Thread 0x000001c933542800 nmethod 15358 0x000001c91efad090 code [0x000001c91efad240, 0x000001c91efad2e8]
Event: 49.672 Thread 0x000001c933542800 15349       4       java.io.ObjectInputStream$BlockDataInputStream::readByte (20 bytes)
Event: 49.681 Thread 0x000001c933542800 nmethod 15349 0x000001c91efad390 code [0x000001c91efad560, 0x000001c91efadd18]
Event: 49.681 Thread 0x000001c933542800 15301       4       jdk.internal.org.objectweb.asm.Frame::get (46 bytes)
Event: 49.684 Thread 0x000001c933542800 nmethod 15301 0x000001c91efae010 code [0x000001c91efae1a0, 0x000001c91efae278]

GC Heap History (20 events):
Event: 17.021 GC heap before
{Heap before GC invocations=11 (full 0):
 garbage-first heap   total 260096K, used 179954K [0x0000000080000000, 0x0000000100000000)
  region size 1024K, 140 young (143360K), 18 survivors (18432K)
 Metaspace       used 68441K, capacity 70198K, committed 70308K, reserved 1110016K
  class space    used 8625K, capacity 9238K, committed 9344K, reserved 1048576K
}
Event: 17.060 GC heap after
{Heap after GC invocations=12 (full 0):
 garbage-first heap   total 260096K, used 64061K [0x0000000080000000, 0x0000000100000000)
  region size 1024K, 18 young (18432K), 18 survivors (18432K)
 Metaspace       used 68441K, capacity 70198K, committed 70308K, reserved 1110016K
  class space    used 8625K, capacity 9238K, committed 9344K, reserved 1048576K
}
Event: 19.963 GC heap before
{Heap before GC invocations=12 (full 0):
 garbage-first heap   total 260096K, used 219709K [0x0000000080000000, 0x0000000100000000)
  region size 1024K, 137 young (140288K), 18 survivors (18432K)
 Metaspace       used 77610K, capacity 79425K, committed 79524K, reserved 1118208K
  class space    used 9958K, capacity 10594K, committed 10624K, reserved 1048576K
}
Event: 19.993 GC heap after
{Heap after GC invocations=13 (full 0):
 garbage-first heap   total 260096K, used 73967K [0x0000000080000000, 0x0000000100000000)
  region size 1024K, 16 young (16384K), 16 survivors (16384K)
 Metaspace       used 77610K, capacity 79425K, committed 79524K, reserved 1118208K
  class space    used 9958K, capacity 10594K, committed 10624K, reserved 1048576K
}
Event: 25.286 GC heap before
{Heap before GC invocations=13 (full 0):
 garbage-first heap   total 260096K, used 192751K [0x0000000080000000, 0x0000000100000000)
  region size 1024K, 132 young (135168K), 16 survivors (16384K)
 Metaspace       used 88088K, capacity 90103K, committed 90148K, reserved 1128448K
  class space    used 11266K, capacity 11999K, committed 12032K, reserved 1048576K
}
Event: 25.329 GC heap after
{Heap after GC invocations=14 (full 0):
 garbage-first heap   total 260096K, used 81920K [0x0000000080000000, 0x0000000100000000)
  region size 1024K, 17 young (17408K), 17 survivors (17408K)
 Metaspace       used 88088K, capacity 90103K, committed 90148K, reserved 1128448K
  class space    used 11266K, capacity 11999K, committed 12032K, reserved 1048576K
}
Event: 28.124 GC heap before
{Heap before GC invocations=14 (full 0):
 garbage-first heap   total 260096K, used 198656K [0x0000000080000000, 0x0000000100000000)
  region size 1024K, 129 young (132096K), 17 survivors (17408K)
 Metaspace       used 89912K, capacity 92122K, committed 92324K, reserved 1130496K
  class space    used 11481K, capacity 12292K, committed 12416K, reserved 1048576K
}
Event: 28.171 GC heap after
{Heap after GC invocations=15 (full 0):
 garbage-first heap   total 260096K, used 101699K [0x0000000080000000, 0x0000000100000000)
  region size 1024K, 17 young (17408K), 17 survivors (17408K)
 Metaspace       used 89912K, capacity 92122K, committed 92324K, reserved 1130496K
  class space    used 11481K, capacity 12292K, committed 12416K, reserved 1048576K
}
Event: 29.495 GC heap before
{Heap before GC invocations=15 (full 0):
 garbage-first heap   total 260096K, used 205123K [0x0000000080000000, 0x0000000100000000)
  region size 1024K, 111 young (113664K), 17 survivors (17408K)
 Metaspace       used 91214K, capacity 93367K, committed 93732K, reserved 1130496K
  class space    used 11618K, capacity 12431K, committed 12544K, reserved 1048576K
}
Event: 29.550 GC heap after
{Heap after GC invocations=16 (full 0):
 garbage-first heap   total 260096K, used 123904K [0x0000000080000000, 0x0000000100000000)
  region size 1024K, 14 young (14336K), 14 survivors (14336K)
 Metaspace       used 91214K, capacity 93367K, committed 93732K, reserved 1130496K
  class space    used 11618K, capacity 12431K, committed 12544K, reserved 1048576K
}
Event: 30.539 GC heap before
{Heap before GC invocations=16 (full 0):
 garbage-first heap   total 260096K, used 199680K [0x0000000080000000, 0x0000000100000000)
  region size 1024K, 83 young (84992K), 14 survivors (14336K)
 Metaspace       used 93374K, capacity 95517K, committed 95780K, reserved 1132544K
  class space    used 11890K, capacity 12698K, committed 12800K, reserved 1048576K
}
Event: 30.595 GC heap after
{Heap after GC invocations=17 (full 0):
 garbage-first heap   total 312320K, used 136192K [0x0000000080000000, 0x0000000100000000)
  region size 1024K, 9 young (9216K), 9 survivors (9216K)
 Metaspace       used 93374K, capacity 95517K, committed 95780K, reserved 1132544K
  class space    used 11890K, capacity 12698K, committed 12800K, reserved 1048576K
}
Event: 35.574 GC heap before
{Heap before GC invocations=18 (full 0):
 garbage-first heap   total 312320K, used 244736K [0x0000000080000000, 0x0000000100000000)
  region size 1024K, 95 young (97280K), 9 survivors (9216K)
 Metaspace       used 99564K, capacity 101830K, committed 101924K, reserved 1138688K
  class space    used 12421K, capacity 13225K, committed 13312K, reserved 1048576K
}
Event: 35.608 GC heap after
{Heap after GC invocations=19 (full 0):
 garbage-first heap   total 312320K, used 138752K [0x0000000080000000, 0x0000000100000000)
  region size 1024K, 12 young (12288K), 12 survivors (12288K)
 Metaspace       used 99564K, capacity 101830K, committed 101924K, reserved 1138688K
  class space    used 12421K, capacity 13225K, committed 13312K, reserved 1048576K
}
Event: 37.362 GC heap before
{Heap before GC invocations=19 (full 0):
 garbage-first heap   total 312320K, used 226816K [0x0000000080000000, 0x0000000100000000)
  region size 1024K, 98 young (100352K), 12 survivors (12288K)
 Metaspace       used 101455K, capacity 103716K, committed 103844K, reserved 1140736K
  class space    used 12614K, capacity 13408K, committed 13440K, reserved 1048576K
}
Event: 37.383 GC heap after
{Heap after GC invocations=20 (full 0):
 garbage-first heap   total 312320K, used 140288K [0x0000000080000000, 0x0000000100000000)
  region size 1024K, 10 young (10240K), 10 survivors (10240K)
 Metaspace       used 101455K, capacity 103716K, committed 103844K, reserved 1140736K
  class space    used 12614K, capacity 13408K, committed 13440K, reserved 1048576K
}
Event: 39.637 GC heap before
{Heap before GC invocations=20 (full 0):
 garbage-first heap   total 312320K, used 229376K [0x0000000080000000, 0x0000000100000000)
  region size 1024K, 98 young (100352K), 10 survivors (10240K)
 Metaspace       used 104422K, capacity 106676K, committed 106788K, reserved 1142784K
  class space    used 12990K, capacity 13793K, committed 13824K, reserved 1048576K
}
Event: 39.661 GC heap after
{Heap after GC invocations=21 (full 0):
 garbage-first heap   total 312320K, used 144297K [0x0000000080000000, 0x0000000100000000)
  region size 1024K, 7 young (7168K), 7 survivors (7168K)
 Metaspace       used 104422K, capacity 106676K, committed 106788K, reserved 1142784K
  class space    used 12990K, capacity 13793K, committed 13824K, reserved 1048576K
}
Event: 44.867 GC heap before
{Heap before GC invocations=21 (full 0):
 garbage-first heap   total 312320K, used 234409K [0x0000000080000000, 0x0000000100000000)
  region size 1024K, 96 young (98304K), 7 survivors (7168K)
 Metaspace       used 105604K, capacity 107799K, committed 107940K, reserved 1142784K
  class space    used 13118K, capacity 13913K, committed 13952K, reserved 1048576K
}
Event: 44.888 GC heap after
{Heap after GC invocations=22 (full 0):
 garbage-first heap   total 312320K, used 147424K [0x0000000080000000, 0x0000000100000000)
  region size 1024K, 10 young (10240K), 10 survivors (10240K)
 Metaspace       used 105604K, capacity 107799K, committed 107940K, reserved 1142784K
  class space    used 13118K, capacity 13913K, committed 13952K, reserved 1048576K
}

Deoptimization events (20 events):
Event: 49.282 Thread 0x000001c92fd35000 Uncommon trap: trap_request=0xffffff4d fr.pc=0x000001c91e649378 relative=0x0000000000000058
Event: 49.282 Thread 0x000001c92fd35000 Uncommon trap: reason=unstable_if action=reinterpret pc=0x000001c91e649378 method=java.util.Objects.equals(Ljava/lang/Object;Ljava/lang/Object;)Z @ 6 c2
Event: 49.282 Thread 0x000001c92fd35000 DEOPT PACKING pc=0x000001c91e649378 sp=0x00000081f10f95f0
Event: 49.282 Thread 0x000001c92fd35000 DEOPT UNPACKING pc=0x000001c916ab662f sp=0x00000081f10f9590 mode 2
Event: 49.286 Thread 0x000001c92fd35000 Uncommon trap: trap_request=0xffffffde fr.pc=0x000001c91eccac68 relative=0x00000000000001a8
Event: 49.286 Thread 0x000001c92fd35000 Uncommon trap: reason=class_check action=maybe_recompile pc=0x000001c91eccac68 method=java.io.ObjectInputStream$PeekInputStream.read()I @ 23 c2
Event: 49.286 Thread 0x000001c92fd35000 DEOPT PACKING pc=0x000001c91eccac68 sp=0x00000081f10f94e0
Event: 49.286 Thread 0x000001c92fd35000 DEOPT UNPACKING pc=0x000001c916ab662f sp=0x00000081f10f9440 mode 2
Event: 49.286 Thread 0x000001c92fd35000 Uncommon trap: trap_request=0xffffffde fr.pc=0x000001c91eccac68 relative=0x00000000000001a8
Event: 49.286 Thread 0x000001c92fd35000 Uncommon trap: reason=class_check action=maybe_recompile pc=0x000001c91eccac68 method=java.io.ObjectInputStream$PeekInputStream.read()I @ 23 c2
Event: 49.286 Thread 0x000001c92fd35000 DEOPT PACKING pc=0x000001c91eccac68 sp=0x00000081f10f92c0
Event: 49.286 Thread 0x000001c92fd35000 DEOPT UNPACKING pc=0x000001c916ab662f sp=0x00000081f10f9220 mode 2
Event: 49.520 Thread 0x000001c92fd35000 Uncommon trap: trap_request=0xffffffc6 fr.pc=0x000001c91edc6f18 relative=0x0000000000000738
Event: 49.520 Thread 0x000001c92fd35000 Uncommon trap: reason=bimorphic_or_optimized_type_check action=maybe_recompile pc=0x000001c91edc6f18 method=java.io.ObjectOutputStream$BlockDataOutputStream.drain()V @ 36 c2
Event: 49.520 Thread 0x000001c92fd35000 DEOPT PACKING pc=0x000001c91edc6f18 sp=0x00000081f10f9550
Event: 49.520 Thread 0x000001c92fd35000 DEOPT UNPACKING pc=0x000001c916ab662f sp=0x00000081f10f9540 mode 2
Event: 49.544 Thread 0x000001c92fd35000 Uncommon trap: trap_request=0xffffff4d fr.pc=0x000001c91ed84b80 relative=0x0000000000000060
Event: 49.544 Thread 0x000001c92fd35000 Uncommon trap: reason=unstable_if action=reinterpret pc=0x000001c91ed84b80 method=java.io.ObjectInputStream.filterCheck(Ljava/lang/Class;I)V @ 4 c2
Event: 49.544 Thread 0x000001c92fd35000 DEOPT PACKING pc=0x000001c91ed84b80 sp=0x00000081f10f9560
Event: 49.544 Thread 0x000001c92fd35000 DEOPT UNPACKING pc=0x000001c916ab662f sp=0x00000081f10f94d8 mode 2

Classes redefined (0 events):
No events

Internal exceptions (20 events):
Event: 44.305 Thread 0x000001c92fd3a000 Implicit null exception at 0x000001c91edfdc5f to 0x000001c91edfddb4
Event: 45.799 Thread 0x000001c92fd35000 Implicit null exception at 0x000001c91e9df62c to 0x000001c91e9df66b
Event: 45.881 Thread 0x000001c92fd35000 Exception <a 'java/lang/NoSuchMethodError'{0x000000009080bbf0}: 'int java.lang.invoke.DirectMethodHandle$Holder.invokeSpecial(java.lang.Object, java.lang.Object, java.lang.Object, java.lang.Object, java.lang.Object)'> (0x000000009080bbf0) thrown at [./src/hotspot/share/interpreter/linkResolver.cpp, line 773]
Event: 49.290 Thread 0x000001c92fd35000 Exception <a 'java/lang/NoSuchMethodError'{0x000000008ea8ae80}: <clinit>> (0x000000008ea8ae80) thrown at [./src/hotspot/share/prims/jni.cpp, line 1362]
Event: 49.291 Thread 0x000001c92fd35000 Exception <a 'java/lang/NoSuchMethodError'{0x000000008ea9cc48}: <clinit>> (0x000000008ea9cc48) thrown at [./src/hotspot/share/prims/jni.cpp, line 1362]
Event: 49.476 Thread 0x000001c92fd35000 Exception <a 'java/lang/NoSuchMethodError'{0x000000008e939dc8}: 'java.lang.Object java.lang.invoke.DirectMethodHandle$Holder.invokeSpecial(java.lang.Object, java.lang.Object, int, int, java.lang.Object, int, java.lang.Object, java.lang.Object)'> (0x000000008e939dc8) thrown at [./src/hotspot/share/interpreter/linkResolver.cpp, line 773]
Event: 49.476 Thread 0x000001c92fd35000 Exception <a 'java/lang/NoSuchMethodError'{0x000000008e93e150}: 'java.lang.Object java.lang.invoke.DelegatingMethodHandle$Holder.reinvoke_L(java.lang.Object, int, int, java.lang.Object, int, java.lang.Object, java.lang.Object)'> (0x000000008e93e150) thrown at [./src/hotspot/share/interpreter/linkResolver.cpp, line 773]
Event: 49.479 Thread 0x000001c92fd35000 Exception <a 'java/lang/NoSuchMethodError'{0x000000008e969db8}: 'java.lang.Object java.lang.invoke.DirectMethodHandle$Holder.invokeStatic(java.lang.Object, java.lang.Object, java.lang.Object, java.lang.Object, java.lang.Object, java.lang.Object, java.lang.Object, java.lang.Object, int)'> (0x000000008e969db8) thrown at [./src/hotspot/share/interpreter/linkResolver.cpp, line 773]
Event: 49.482 Thread 0x000001c92fd35000 Exception <a 'java/lang/NoSuchMethodError'{0x000000008e985058}: 'java.lang.Object java.lang.invoke.DirectMethodHandle$Holder.invokeStatic(java.lang.Object, java.lang.Object, java.lang.Object, java.lang.Object, java.lang.Object, java.lang.Object, java.lang.Object, java.lang.Object, int, int)'> (0x000000008e985058) thrown at [./src/hotspot/share/interpreter/linkResolver.cpp, line 773]
Event: 49.485 Thread 0x000001c92fd35000 Exception <a 'java/lang/NoSuchMethodError'{0x000000008e9a11f8}: 'java.lang.Object java.lang.invoke.DirectMethodHandle$Holder.invokeStatic(java.lang.Object, java.lang.Object, java.lang.Object, java.lang.Object, java.lang.Object, java.lang.Object, java.lang.Object, java.lang.Object, int, int, java.lang.Object)'> (0x000000008e9a11f8) thrown at [./src/hotspot/share/interpreter/linkResolver.cpp, line 773]
Event: 49.487 Thread 0x000001c92fd35000 Exception <a 'java/lang/NoSuchMethodError'{0x000000008e9be770}: 'java.lang.Object java.lang.invoke.DirectMethodHandle$Holder.invokeStatic(java.lang.Object, java.lang.Object, java.lang.Object, java.lang.Object, java.lang.Object, java.lang.Object, java.lang.Object, java.lang.Object, int, int, java.lang.Object, java.lang.Object)'> (0x000000008e9be770) thrown at [./src/hotspot/share/interpreter/linkResolver.cpp, line 773]
Event: 49.520 Thread 0x000001c92fd35000 Exception <a 'java/lang/NoSuchMethodError'{0x000000008e9f1a08}: <clinit>> (0x000000008e9f1a08) thrown at [./src/hotspot/share/prims/jni.cpp, line 1362]
Event: 49.528 Thread 0x000001c92fd35000 Exception <a 'java/lang/NoSuchMethodError'{0x000000008e824c08}: <clinit>> (0x000000008e824c08) thrown at [./src/hotspot/share/prims/jni.cpp, line 1362]
Event: 49.552 Thread 0x000001c92fd40800 Exception <a 'java/lang/InterruptedException'{0x000000008e8613e0}> (0x000000008e8613e0) thrown at [./src/hotspot/share/runtime/objectMonitor.cpp, line 1635]
Event: 49.559 Thread 0x000001c92fd40800 Exception <a 'java/lang/NoSuchMethodError'{0x000000008e8691f0}: 'java.lang.Object java.lang.invoke.DirectMethodHandle$Holder.invokeStatic(java.lang.Object, java.lang.Object, int, java.lang.Object, long)'> (0x000000008e8691f0) thrown at [./src/hotspot/share/interpreter/linkResolver.cpp, line 773]
Event: 49.577 Thread 0x000001c92fd35000 Exception <a 'java/lang/NoSuchMethodError'{0x000000008e87f758}: <clinit>> (0x000000008e87f758) thrown at [./src/hotspot/share/prims/jni.cpp, line 1362]
Event: 49.580 Thread 0x000001c92fd35000 Exception <a 'java/lang/NoSuchMethodError'{0x000000008e891550}: <clinit>> (0x000000008e891550) thrown at [./src/hotspot/share/prims/jni.cpp, line 1362]
Event: 49.581 Thread 0x000001c92fd35000 Exception <a 'java/lang/NoSuchMethodError'{0x000000008e8a3320}: <clinit>> (0x000000008e8a3320) thrown at [./src/hotspot/share/prims/jni.cpp, line 1362]
Event: 49.588 Thread 0x000001c92fd35000 Exception <a 'java/lang/NoSuchMethodError'{0x000000008e8c8c60}: <clinit>> (0x000000008e8c8c60) thrown at [./src/hotspot/share/prims/jni.cpp, line 1362]
Event: 49.640 Thread 0x000001c92fd35000 Exception <a 'java/lang/NoSuchMethodError'{0x000000008e67e108}: <clinit>> (0x000000008e67e108) thrown at [./src/hotspot/share/prims/jni.cpp, line 1362]

Events (20 events):
Event: 49.632 loading class sun/rmi/transport/ObjectTable$Reaper
Event: 49.633 loading class sun/rmi/transport/ObjectTable$Reaper done
Event: 49.633 Thread 0x000001c9355a1800 Thread added: 0x000001c9355a1800
Event: 49.633 loading class sun/rmi/server/UnicastServerRef$HashToMethod_Maps$1
Event: 49.633 loading class sun/rmi/server/UnicastServerRef$HashToMethod_Maps$1 done
Event: 49.633 loading class org/jetbrains/kotlin/compilerRunner/GradleCompilationResults
Event: 49.633 loading class org/jetbrains/kotlin/compilerRunner/GradleCompilationResults done
Event: 49.635 loading class org/jetbrains/kotlin/compilerRunner/GradleCompilationResults_Stub
Event: 49.635 loading class org/jetbrains/kotlin/compilerRunner/GradleCompilationResults_Stub done
Event: 49.638 loading class sun/rmi/server/LoaderHandler$Loader
Event: 49.639 loading class sun/rmi/server/LoaderHandler$Loader done
Event: 49.653 Thread 0x000001c933542800 Thread added: 0x000001c933542800
Event: 49.654 loading class java/rmi/server/ServerNotActiveException
Event: 49.654 loading class java/rmi/server/ServerNotActiveException done
Event: 49.665 loading class sun/rmi/transport/DGCAckHandler
Event: 49.665 loading class sun/rmi/transport/DGCAckHandler done
Event: 49.667 loading class org/jetbrains/kotlin/build/report/metrics/BuildMetrics
Event: 49.667 loading class org/jetbrains/kotlin/build/report/metrics/BuildMetrics done
Event: 49.670 loading class sun/rmi/transport/DGCAckHandler$1
Event: 49.670 loading class sun/rmi/transport/DGCAckHandler$1 done


Dynamic libraries:
0x00007ff748af0000 - 0x00007ff748afa000 	C:\Program Files\Android\Android Studio\jre\bin\java.exe
0x00007ff9a5b90000 - 0x00007ff9a5d85000 	C:\WINDOWS\SYSTEM32\ntdll.dll
0x00007ff9a4810000 - 0x00007ff9a48cd000 	C:\WINDOWS\System32\KERNEL32.DLL
0x00007ff9a3740000 - 0x00007ff9a3a0d000 	C:\WINDOWS\System32\KERNELBASE.dll
0x00007ff9a3ae0000 - 0x00007ff9a3be0000 	C:\WINDOWS\System32\ucrtbase.dll
0x00007ff99ede0000 - 0x00007ff99edf7000 	C:\Program Files\Android\Android Studio\jre\bin\VCRUNTIME140.dll
0x00007ff99e280000 - 0x00007ff99e299000 	C:\Program Files\Android\Android Studio\jre\bin\jli.dll
0x00007ff9a4930000 - 0x00007ff9a4ad0000 	C:\WINDOWS\System32\USER32.dll
0x00007ff989e20000 - 0x00007ff98a0ba000 	C:\WINDOWS\WinSxS\amd64_microsoft.windows.common-controls_6595b64144ccf1df_6.0.19041.1110_none_60b5254171f9507e\COMCTL32.dll
0x00007ff9a3a40000 - 0x00007ff9a3a62000 	C:\WINDOWS\System32\win32u.dll
0x00007ff9a5ac0000 - 0x00007ff9a5aea000 	C:\WINDOWS\System32\GDI32.dll
0x00007ff9a4d80000 - 0x00007ff9a4e1e000 	C:\WINDOWS\System32\msvcrt.dll
0x00007ff9a32a0000 - 0x00007ff9a33ab000 	C:\WINDOWS\System32\gdi32full.dll
0x00007ff9a3510000 - 0x00007ff9a35ad000 	C:\WINDOWS\System32\msvcp_win.dll
0x00007ff9a4f40000 - 0x00007ff9a4f70000 	C:\WINDOWS\System32\IMM32.DLL
0x00007ff99aeb0000 - 0x00007ff99af4d000 	C:\Program Files\Android\Android Studio\jre\bin\msvcp140.dll
0x00007ff94bef0000 - 0x00007ff94c9c5000 	C:\Program Files\Android\Android Studio\jre\bin\server\jvm.dll
0x00007ff9a4f70000 - 0x00007ff9a501e000 	C:\WINDOWS\System32\ADVAPI32.dll
0x00007ff9a4760000 - 0x00007ff9a47fc000 	C:\WINDOWS\System32\sechost.dll
0x00007ff9a4bc0000 - 0x00007ff9a4ce5000 	C:\WINDOWS\System32\RPCRT4.dll
0x00007ff9a4800000 - 0x00007ff9a4808000 	C:\WINDOWS\System32\PSAPI.DLL
0x00007ff99cfb0000 - 0x00007ff99cfd7000 	C:\WINDOWS\SYSTEM32\WINMM.dll
0x00007ff9a2090000 - 0x00007ff9a209a000 	C:\WINDOWS\SYSTEM32\VERSION.dll
0x00007ff99cad0000 - 0x00007ff99cad9000 	C:\WINDOWS\SYSTEM32\WSOCK32.dll
0x00007ff9a5a50000 - 0x00007ff9a5abb000 	C:\WINDOWS\System32\WS2_32.dll
0x00007ff9a2050000 - 0x00007ff9a2062000 	C:\WINDOWS\SYSTEM32\kernel.appcore.dll
0x00007ff99cab0000 - 0x00007ff99cac1000 	C:\Program Files\Android\Android Studio\jre\bin\verify.dll
0x00007ff99b790000 - 0x00007ff99b974000 	C:\WINDOWS\SYSTEM32\DBGHELP.DLL
0x00007ff99abb0000 - 0x00007ff99abdc000 	C:\WINDOWS\SYSTEM32\dbgcore.DLL
0x00007ff9a3600000 - 0x00007ff9a3682000 	C:\WINDOWS\System32\bcryptPrimitives.dll
0x00007ff989070000 - 0x00007ff989099000 	C:\Program Files\Android\Android Studio\jre\bin\java.dll
0x00007ff99caa0000 - 0x00007ff99caab000 	C:\Program Files\Android\Android Studio\jre\bin\jimage.dll
0x00007ff999560000 - 0x00007ff999578000 	C:\Program Files\Android\Android Studio\jre\bin\zip.dll
0x00007ff9a5300000 - 0x00007ff9a5a44000 	C:\WINDOWS\System32\SHELL32.dll
0x00007ff9a11c0000 - 0x00007ff9a1954000 	C:\WINDOWS\SYSTEM32\windows.storage.dll
0x00007ff9a3e40000 - 0x00007ff9a4194000 	C:\WINDOWS\System32\combase.dll
0x00007ff9a2c30000 - 0x00007ff9a2c5c000 	C:\WINDOWS\SYSTEM32\Wldp.dll
0x00007ff9a46a0000 - 0x00007ff9a474d000 	C:\WINDOWS\System32\SHCORE.dll
0x00007ff9a5af0000 - 0x00007ff9a5b45000 	C:\WINDOWS\System32\shlwapi.dll
0x00007ff9a31e0000 - 0x00007ff9a31ff000 	C:\WINDOWS\SYSTEM32\profapi.dll
0x00007ff9891a0000 - 0x00007ff9891ba000 	C:\Program Files\Android\Android Studio\jre\bin\net.dll
0x00007ff997ae0000 - 0x00007ff997bea000 	C:\WINDOWS\SYSTEM32\WINHTTP.dll
0x00007ff9a2990000 - 0x00007ff9a29fa000 	C:\WINDOWS\system32\mswsock.dll
0x00007ff989050000 - 0x00007ff989064000 	C:\Program Files\Android\Android Studio\jre\bin\nio.dll
0x00007ff985d50000 - 0x00007ff985d77000 	C:\Users\Thaib\.gradle\native\e1d6ef7f7dcc3fd88c89a11ec53ec762bb8ba0a96d01ffa2cd45eb1d1d8dd5c5\windows-amd64\native-platform.dll
0x00007ff987480000 - 0x00007ff9875c4000 	C:\Users\Thaib\.gradle\native\5664cfc778a61ccfe75a443a1ab52a65af34e5dc3c78e0209fed803814484fcb\windows-amd64\native-platform-file-events.dll
0x00007ff99ad00000 - 0x00007ff99ad0a000 	C:\Program Files\Android\Android Studio\jre\bin\management.dll
0x00007ff999fa0000 - 0x00007ff999fad000 	C:\Program Files\Android\Android Studio\jre\bin\management_ext.dll
0x00007ff9a2b90000 - 0x00007ff9a2ba8000 	C:\WINDOWS\SYSTEM32\CRYPTSP.dll
0x00007ff9a2310000 - 0x00007ff9a2344000 	C:\WINDOWS\system32\rsaenh.dll
0x00007ff9a3a10000 - 0x00007ff9a3a37000 	C:\WINDOWS\System32\bcrypt.dll
0x00007ff9a31a0000 - 0x00007ff9a31ce000 	C:\WINDOWS\SYSTEM32\USERENV.dll
0x00007ff9a2b80000 - 0x00007ff9a2b8c000 	C:\WINDOWS\SYSTEM32\CRYPTBASE.dll
0x00007ff9a2680000 - 0x00007ff9a26bb000 	C:\WINDOWS\SYSTEM32\IPHLPAPI.DLL
0x00007ff9a4bb0000 - 0x00007ff9a4bb8000 	C:\WINDOWS\System32\NSI.dll
0x00007ff99a720000 - 0x00007ff99a737000 	C:\WINDOWS\SYSTEM32\dhcpcsvc6.DLL
0x00007ff99b6f0000 - 0x00007ff99b70d000 	C:\WINDOWS\SYSTEM32\dhcpcsvc.DLL
0x00007ff9a26c0000 - 0x00007ff9a278b000 	C:\WINDOWS\SYSTEM32\DNSAPI.dll
0x00007ff9a1dc0000 - 0x00007ff9a1df3000 	C:\WINDOWS\SYSTEM32\ntmarta.dll
0x00007ff99def0000 - 0x00007ff99df0e000 	C:\Users\Thaib\AppData\Local\Temp\native-platform7875587352781724119dir\native-platform.dll
0x00007ff99e270000 - 0x00007ff99e278000 	C:\Program Files\Android\Android Studio\jre\bin\rmi.dll

dbghelp: loaded successfully - version: 4.0.5 - missing functions: none
symbol engine: initialized successfully - sym options: 0x614 - pdb path: .;C:\Program Files\Android\Android Studio\jre\bin;C:\WINDOWS\SYSTEM32;C:\WINDOWS\WinSxS\amd64_microsoft.windows.common-controls_6595b64144ccf1df_6.0.19041.1110_none_60b5254171f9507e;C:\Program Files\Android\Android Studio\jre\bin\server;C:\Users\Thaib\.gradle\native\e1d6ef7f7dcc3fd88c89a11ec53ec762bb8ba0a96d01ffa2cd45eb1d1d8dd5c5\windows-amd64;C:\Users\Thaib\.gradle\native\5664cfc778a61ccfe75a443a1ab52a65af34e5dc3c78e0209fed803814484fcb\windows-amd64;C:\Users\Thaib\AppData\Local\Temp\native-platform7875587352781724119dir

VM Arguments:
jvm_args: --add-opens=java.base/java.util=ALL-UNNAMED --add-opens=java.base/java.lang=ALL-UNNAMED --add-opens=java.base/java.lang.invoke=ALL-UNNAMED --add-opens=java.base/java.util=ALL-UNNAMED --add-opens=java.prefs/java.util.prefs=ALL-UNNAMED --add-opens=java.prefs/java.util.prefs=ALL-UNNAMED --add-opens=java.base/java.nio.charset=ALL-UNNAMED --add-opens=java.base/java.net=ALL-UNNAMED --add-opens=java.base/java.util.concurrent.atomic=ALL-UNNAMED -Xmx2048m -Dfile.encoding=UTF-8 -Duser.country=US -Duser.language=en -Duser.variant 
java_command: org.gradle.launcher.daemon.bootstrap.GradleDaemon 7.2
java_class_path (initial): C:\Users\Thaib\.gradle\wrapper\dists\gradle-7.2-bin\2dnblmf4td7x66yl1d74lt32g\gradle-7.2\lib\gradle-launcher-7.2.jar
Launcher Type: SUN_STANDARD

[Global flags]
     intx CICompilerCount                          = 3                                         {product} {ergonomic}
     uint ConcGCThreads                            = 1                                         {product} {ergonomic}
     uint G1ConcRefinementThreads                  = 4                                         {product} {ergonomic}
   size_t G1HeapRegionSize                         = 1048576                                   {product} {ergonomic}
    uintx GCDrainStackTargetSize                   = 64                                        {product} {ergonomic}
   size_t InitialHeapSize                          = 266338304                                 {product} {ergonomic}
   size_t MarkStackSize                            = 4194304                                   {product} {ergonomic}
   size_t MaxHeapSize                              = 2147483648                                {product} {command line}
   size_t MaxNewSize                               = 1287651328                                {product} {ergonomic}
   size_t MinHeapDeltaBytes                        = 1048576                                   {product} {ergonomic}
    uintx NonNMethodCodeHeapSize                   = 5830732                                {pd product} {ergonomic}
    uintx NonProfiledCodeHeapSize                  = 122913754                              {pd product} {ergonomic}
    uintx ProfiledCodeHeapSize                     = 122913754                              {pd product} {ergonomic}
    uintx ReservedCodeCacheSize                    = 251658240                              {pd product} {ergonomic}
     bool SegmentedCodeCache                       = true                                      {product} {ergonomic}
     bool UseCompressedClassPointers               = true                                 {lp64_product} {ergonomic}
     bool UseCompressedOops                        = true                                 {lp64_product} {ergonomic}
     bool UseG1GC                                  = true                                      {product} {ergonomic}
     bool UseLargePagesIndividualAllocation        = false                                  {pd product} {ergonomic}

Logging:
Log output configuration:
 #0: stdout all=warning uptime,level,tags
 #1: stderr all=off uptime,level,tags

Environment Variables:
PATH=C:\WINDOWS\system32;C:\WINDOWS;C:\WINDOWS\System32\Wbem;C:\WINDOWS\System32\WindowsPowerShell\v1.0\;C:\WINDOWS\System32\OpenSSH\;C:\Program Files (x86)\dotnet\;C:\Program Files\Git\cmd;C:\xampp\php;C:\ProgramData\ComposerSetup\bin;C:\Users\Thaib\AppData\Local\Microsoft\WindowsApps;C:\Users\Thaib\AppData\Roaming\Composer\vendor\bin
USERNAME=Thaib
OS=Windows_NT
PROCESSOR_IDENTIFIER=Intel64 Family 6 Model 142 Stepping 9, GenuineIntel



---------------  S Y S T E M  ---------------

OS: Windows 10 , 64 bit Build 19041 (10.0.19041.1706)
OS uptime: 2 days 20:25 hours

CPU:total 4 (initial active 4) (2 cores per cpu, 2 threads per core) family 6 model 142 stepping 9 microcode 0xb4, cmov, cx8, fxsr, mmx, sse, sse2, sse3, ssse3, sse4.1, sse4.2, popcnt, avx, avx2, aes, clmul, erms, 3dnowpref, lzcnt, ht, tsc, tscinvbit, bmi1, bmi2, adx, fma

Memory: 4k page, system-wide physical 16252M (2525M free)
TotalPageFile size 30468M (AvailPageFile size 5M)
current process WorkingSet (physical memory assigned to process): 605M, peak: 605M
current process commit charge ("private bytes"): 637M, peak: 638M

vm_info: OpenJDK 64-Bit Server VM (11.0.11+9-b60-7590822) for windows-amd64 JRE (11.0.11+9-b60-7590822), built on Jul 29 2021 21:43:44 by "builder" with MS VC++ 14.0 (VS2015)

END.
