#
# There is insufficient memory for the Java Runtime Environment to continue.
# Native memory allocation (malloc) failed to allocate 1048576 bytes for AllocateHeap
# Possible reasons:
#   The system is out of physical RAM or swap space
#   The process is running with CompressedOops enabled, and the Java Heap may be blocking the growth of the native heap
# Possible solutions:
#   Reduce memory load on the system
#   Increase physical memory or swap space
#   Check if swap backing store is full
#   Decrease Java heap size (-Xmx/-Xms)
#   Decrease number of Java threads
#   Decrease Java thread stack sizes (-Xss)
#   Set larger code cache with -XX:ReservedCodeCacheSize=
#   JVM is running with Zero Based Compressed Oops mode in which the Java heap is
#     placed in the first 32GB address space. The Java Heap base address is the
#     maximum limit for the native heap growth. Please use -XX:HeapBaseMinAddress
#     to set the Java Heap base and to place the Java Heap above 32GB virtual address.
# This output file may be truncated or incomplete.
#
#  Out of Memory Error (./src/hotspot/share/memory/allocation.cpp:46), pid=6448, tid=17056
#
# JRE version: OpenJDK Runtime Environment (11.0.11+9) (build 11.0.11+9-b60-7590822)
# Java VM: OpenJDK 64-Bit Server VM (11.0.11+9-b60-7590822, mixed mode, tiered, compressed oops, g1 gc, windows-amd64)
# No core dump will be written. Minidumps are not enabled by default on client versions of Windows
#

---------------  S U M M A R Y ------------

Command Line: org.jetbrains.kotlin.cli.jvm.K2JVMCompiler @E:\android\android_kotlin\AppBanTraiCay\app\build\20220518_1394433861327005459.compiler.options

Host: Intel(R) Core(TM) i5-7200U CPU @ 2.50GHz, 4 cores, 15G,  Windows 10 , 64 bit Build 19041 (10.0.19041.1706)
Time: Wed May 18 12:01:47 2022 SE Asia Standard Time elapsed time: 3.243300 seconds (0d 0h 0m 3s)

---------------  T H R E A D  ---------------

Current thread (0x000001dd41442000):  VMThread "VM Thread" [stack: 0x000000242c600000,0x000000242c700000] [id=17056]

Stack: [0x000000242c600000,0x000000242c700000]
[error occurred during error reporting (printing stack bounds), id 0xc0000005, EXCEPTION_ACCESS_VIOLATION (0xc0000005) at pc=0x000001dd26000f2d]

Native frames: (J=compiled Java code, j=interpreted, Vv=VM code, C=native code)
V  [jvm.dll+0x5f214a]
V  [jvm.dll+0x726fb5]
V  [jvm.dll+0x7285cd]
V  [jvm.dll+0x728be5]
V  [jvm.dll+0x728b9b]
V  [jvm.dll+0x5f14e8]
V  [jvm.dll+0x5f1c78]
C  [ntdll.dll+0xa209f]
C  [ntdll.dll+0x51454]
C  [ntdll.dll+0xa0bce]
C  0x000001dd26000f2d

VM_Operation (0x000000242c0fcfd0): CollectForMetadataAllocation, mode: safepoint, requested by thread 0x000001dd224fd800


---------------  P R O C E S S  ---------------

Threads class SMR info:
_java_thread_list=0x000001dd42c5a170, length=10, elements={
0x000001dd224fd800, 0x000001dd41469800, 0x000001dd4146a800, 0x000001dd414cd800,
0x000001dd414ce800, 0x000001dd414d0000, 0x000001dd414d5000, 0x000001dd414d7000,
0x000001dd4154a800, 0x000001dd4163d800
}

Java Threads: ( => current thread )
  0x000001dd224fd800 JavaThread "main" [_thread_blocked, id=9196, stack(0x000000242c000000,0x000000242c100000)]
  0x000001dd41469800 JavaThread "Reference Handler" daemon [_thread_blocked, id=11332, stack(0x000000242c700000,0x000000242c800000)]
  0x000001dd4146a800 JavaThread "Finalizer" daemon [_thread_blocked, id=16204, stack(0x000000242c800000,0x000000242c900000)]
  0x000001dd414cd800 JavaThread "Signal Dispatcher" daemon [_thread_blocked, id=1500, stack(0x000000242c900000,0x000000242ca00000)]
  0x000001dd414ce800 JavaThread "Attach Listener" daemon [_thread_blocked, id=3496, stack(0x000000242ca00000,0x000000242cb00000)]
  0x000001dd414d0000 JavaThread "Service Thread" daemon [_thread_blocked, id=5796, stack(0x000000242cb00000,0x000000242cc00000)]
  0x000001dd414d5000 JavaThread "C2 CompilerThread0" daemon [_thread_blocked, id=6528, stack(0x000000242cc00000,0x000000242cd00000)]
  0x000001dd414d7000 JavaThread "C1 CompilerThread0" daemon [_thread_blocked, id=3692, stack(0x000000242cd00000,0x000000242ce00000)]
  0x000001dd4154a800 JavaThread "Sweeper thread" daemon [_thread_blocked, id=7220, stack(0x000000242ce00000,0x000000242cf00000)]
  0x000001dd4163d800 JavaThread "Common-Cleaner" daemon [_thread_blocked, id=12612, stack(0x000000242d000000,0x000000242d100000)]

Other Threads:
=>0x000001dd41442000 VMThread "VM Thread" [stack: 0x000000242c600000,0x000000242c700000] [id=17056]
  0x000001dd41635000 WatcherThread [stack: 0x000000242cf00000,0x000000242d000000] [id=3000]
  0x000001dd2035d000 GCTaskThread "GC Thread#0" [stack: 0x000000242c100000,0x000000242c200000] [id=12172]
  0x000001dd41b9f000 GCTaskThread "GC Thread#1" [stack: 0x000000242d100000,0x000000242d200000] [id=15084]
  0x000001dd41b9f800 GCTaskThread "GC Thread#2" [stack: 0x000000242d200000,0x000000242d300000] [id=15852]
  0x000001dd41ba0800 GCTaskThread "GC Thread#3" [stack: 0x000000242d300000,0x000000242d400000] [id=5252]
  0x000001dd2256d000 ConcurrentGCThread "G1 Main Marker" [stack: 0x000000242c200000,0x000000242c300000] [id=14572]
  0x000001dd2256f800 ConcurrentGCThread "G1 Conc#0" [stack: 0x000000242c300000,0x000000242c400000] [id=4928]
  0x000001dd40a9f800 ConcurrentGCThread "G1 Refine#0" [stack: 0x000000242c400000,0x000000242c500000] [id=352]
  0x000001dd40aa1800 ConcurrentGCThread "G1 Young RemSet Sampling" [stack: 0x000000242c500000,0x000000242c600000] [id=7068]

Threads with active compile tasks:
C2 CompilerThread0   3257 1685       4       java.lang.StringLatin1::toLowerCase (180 bytes)

VM state:at safepoint (normal execution)

VM Mutex/Monitor currently owned by a thread:  ([mutex/lock_event])
[0x000001dd224faaa0] Threads_lock - owner thread: 0x000001dd41442000
[0x000001dd224fa740] Heap_lock - owner thread: 0x000001dd224fd800

Heap address: 0x0000000702000000, size: 4064 MB, Compressed Oops mode: Zero based, Oop shift amount: 3
Narrow klass base: 0x0000000800000000, Narrow klass shift: 0
Compressed class space size: 1073741824 Address: 0x0000000800000000

Heap:
 garbage-first heap   total 260096K, used 10375K [0x0000000702000000, 0x0000000800000000)
  region size 1024K, 1 young (1024K), 1 survivors (1024K)
 Metaspace       used 22514K, capacity 22714K, committed 22780K, reserved 1077248K
  class space    used 2403K, capacity 2527K, committed 2556K, reserved 1048576K
Heap Regions: E=young(eden), S=young(survivor), O=old, HS=humongous(starts), HC=humongous(continues), CS=collection set, F=free, A=archive, TAMS=top-at-mark-start (previous, next)
|   0|0x0000000702000000, 0x0000000702100000, 0x0000000702100000|100%|HS|  |TAMS 0x0000000702100000, 0x0000000702100000| Complete 
|   1|0x0000000702100000, 0x0000000702200000, 0x0000000702200000|100%|HC|  |TAMS 0x0000000702200000, 0x0000000702200000| Complete 
|   2|0x0000000702200000, 0x0000000702300000, 0x0000000702300000|100%|HC|  |TAMS 0x0000000702300000, 0x0000000702300000| Complete 
|   3|0x0000000702300000, 0x0000000702400000, 0x0000000702400000|100%| O|  |TAMS 0x0000000702300000, 0x0000000702400000| Untracked 
|   4|0x0000000702400000, 0x0000000702500000, 0x0000000702500000|100%| O|  |TAMS 0x000000070244e600, 0x0000000702500000| Untracked 
|   5|0x0000000702500000, 0x0000000702600000, 0x0000000702600000|100%| O|  |TAMS 0x0000000702500000, 0x0000000702600000| Untracked 
|   6|0x0000000702600000, 0x0000000702700000, 0x0000000702700000|100%| O|  |TAMS 0x0000000702600000, 0x0000000702700000| Untracked 
|   7|0x0000000702700000, 0x0000000702800000, 0x0000000702800000|100%| O|  |TAMS 0x0000000702700000, 0x0000000702800000| Untracked 
|   8|0x0000000702800000, 0x0000000702900000, 0x0000000702900000|100%| O|  |TAMS 0x0000000702800000, 0x0000000702900000| Untracked 
|   9|0x0000000702900000, 0x0000000702955c00, 0x0000000702a00000| 33%| O|  |TAMS 0x0000000702900000, 0x0000000702955c00| Untracked 
|  10|0x0000000702a00000, 0x0000000702a00000, 0x0000000702b00000|  0%| F|  |TAMS 0x0000000702a00000, 0x0000000702a00000| Untracked 
|  11|0x0000000702b00000, 0x0000000702b00000, 0x0000000702c00000|  0%| F|  |TAMS 0x0000000702b00000, 0x0000000702b00000| Untracked 
|  12|0x0000000702c00000, 0x0000000702c00000, 0x0000000702d00000|  0%| F|  |TAMS 0x0000000702c00000, 0x0000000702c00000| Untracked 
|  13|0x0000000702d00000, 0x0000000702d00000, 0x0000000702e00000|  0%| F|  |TAMS 0x0000000702d00000, 0x0000000702d00000| Untracked 
|  14|0x0000000702e00000, 0x0000000702e00000, 0x0000000702f00000|  0%| F|  |TAMS 0x0000000702e00000, 0x0000000702e00000| Untracked 
|  15|0x0000000702f00000, 0x0000000702f00000, 0x0000000703000000|  0%| F|  |TAMS 0x0000000702f00000, 0x0000000702f00000| Untracked 
|  16|0x0000000703000000, 0x0000000703000000, 0x0000000703100000|  0%| F|  |TAMS 0x0000000703000000, 0x0000000703000000| Untracked 
|  17|0x0000000703100000, 0x0000000703100000, 0x0000000703200000|  0%| F|  |TAMS 0x0000000703100000, 0x0000000703100000| Untracked 
|  18|0x0000000703200000, 0x0000000703200000, 0x0000000703300000|  0%| F|  |TAMS 0x0000000703200000, 0x0000000703200000| Untracked 
|  19|0x0000000703300000, 0x0000000703300000, 0x0000000703400000|  0%| F|  |TAMS 0x0000000703300000, 0x0000000703300000| Untracked 
|  20|0x0000000703400000, 0x0000000703400000, 0x0000000703500000|  0%| F|  |TAMS 0x0000000703400000, 0x0000000703400000| Untracked 
|  21|0x0000000703500000, 0x0000000703500000, 0x0000000703600000|  0%| F|  |TAMS 0x0000000703500000, 0x0000000703500000| Untracked 
|  22|0x0000000703600000, 0x0000000703600000, 0x0000000703700000|  0%| F|  |TAMS 0x0000000703600000, 0x0000000703600000| Untracked 
|  23|0x0000000703700000, 0x0000000703700000, 0x0000000703800000|  0%| F|  |TAMS 0x0000000703700000, 0x0000000703700000| Untracked 
|  24|0x0000000703800000, 0x0000000703800000, 0x0000000703900000|  0%| F|  |TAMS 0x0000000703800000, 0x0000000703800000| Untracked 
|  25|0x0000000703900000, 0x0000000703900000, 0x0000000703a00000|  0%| F|  |TAMS 0x0000000703900000, 0x0000000703900000| Untracked 
|  26|0x0000000703a00000, 0x0000000703a00000, 0x0000000703b00000|  0%| F|  |TAMS 0x0000000703a00000, 0x0000000703a00000| Untracked 
|  27|0x0000000703b00000, 0x0000000703b00000, 0x0000000703c00000|  0%| F|  |TAMS 0x0000000703b00000, 0x0000000703b00000| Untracked 
|  28|0x0000000703c00000, 0x0000000703c00000, 0x0000000703d00000|  0%| F|  |TAMS 0x0000000703c00000, 0x0000000703c00000| Untracked 
|  29|0x0000000703d00000, 0x0000000703d00000, 0x0000000703e00000|  0%| F|  |TAMS 0x0000000703d00000, 0x0000000703d00000| Untracked 
|  30|0x0000000703e00000, 0x0000000703e00000, 0x0000000703f00000|  0%| F|  |TAMS 0x0000000703e00000, 0x0000000703e00000| Untracked 
|  31|0x0000000703f00000, 0x0000000703f00000, 0x0000000704000000|  0%| F|  |TAMS 0x0000000703f00000, 0x0000000703f00000| Untracked 
|  32|0x0000000704000000, 0x0000000704000000, 0x0000000704100000|  0%| F|  |TAMS 0x0000000704000000, 0x0000000704000000| Untracked 
|  33|0x0000000704100000, 0x0000000704100000, 0x0000000704200000|  0%| F|  |TAMS 0x0000000704100000, 0x0000000704100000| Untracked 
|  34|0x0000000704200000, 0x0000000704200000, 0x0000000704300000|  0%| F|  |TAMS 0x0000000704200000, 0x0000000704200000| Untracked 
|  35|0x0000000704300000, 0x0000000704300000, 0x0000000704400000|  0%| F|  |TAMS 0x0000000704300000, 0x0000000704300000| Untracked 
|  36|0x0000000704400000, 0x0000000704400000, 0x0000000704500000|  0%| F|  |TAMS 0x0000000704400000, 0x0000000704400000| Untracked 
|  37|0x0000000704500000, 0x0000000704500000, 0x0000000704600000|  0%| F|  |TAMS 0x0000000704500000, 0x0000000704500000| Untracked 
|  38|0x0000000704600000, 0x0000000704600000, 0x0000000704700000|  0%| F|  |TAMS 0x0000000704600000, 0x0000000704600000| Untracked 
|  39|0x0000000704700000, 0x0000000704700000, 0x0000000704800000|  0%| F|  |TAMS 0x0000000704700000, 0x0000000704700000| Untracked 
|  40|0x0000000704800000, 0x0000000704800000, 0x0000000704900000|  0%| F|  |TAMS 0x0000000704800000, 0x0000000704800000| Untracked 
|  41|0x0000000704900000, 0x0000000704900000, 0x0000000704a00000|  0%| F|  |TAMS 0x0000000704900000, 0x0000000704900000| Untracked 
|  42|0x0000000704a00000, 0x0000000704a00000, 0x0000000704b00000|  0%| F|  |TAMS 0x0000000704a00000, 0x0000000704a00000| Untracked 
|  43|0x0000000704b00000, 0x0000000704b00000, 0x0000000704c00000|  0%| F|  |TAMS 0x0000000704b00000, 0x0000000704b00000| Untracked 
|  44|0x0000000704c00000, 0x0000000704c00000, 0x0000000704d00000|  0%| F|  |TAMS 0x0000000704c00000, 0x0000000704c00000| Untracked 
|  45|0x0000000704d00000, 0x0000000704d00000, 0x0000000704e00000|  0%| F|  |TAMS 0x0000000704d00000, 0x0000000704d00000| Untracked 
|  46|0x0000000704e00000, 0x0000000704e00000, 0x0000000704f00000|  0%| F|  |TAMS 0x0000000704e00000, 0x0000000704e00000| Untracked 
|  47|0x0000000704f00000, 0x0000000704f00000, 0x0000000705000000|  0%| F|  |TAMS 0x0000000704f00000, 0x0000000704f00000| Untracked 
|  48|0x0000000705000000, 0x0000000705000000, 0x0000000705100000|  0%| F|  |TAMS 0x0000000705000000, 0x0000000705000000| Untracked 
|  49|0x0000000705100000, 0x0000000705100000, 0x0000000705200000|  0%| F|  |TAMS 0x0000000705100000, 0x0000000705100000| Untracked 
|  50|0x0000000705200000, 0x0000000705200000, 0x0000000705300000|  0%| F|  |TAMS 0x0000000705200000, 0x0000000705200000| Untracked 
|  51|0x0000000705300000, 0x0000000705300000, 0x0000000705400000|  0%| F|  |TAMS 0x0000000705300000, 0x0000000705300000| Untracked 
|  52|0x0000000705400000, 0x0000000705400000, 0x0000000705500000|  0%| F|  |TAMS 0x0000000705400000, 0x0000000705400000| Untracked 
|  53|0x0000000705500000, 0x0000000705500000, 0x0000000705600000|  0%| F|  |TAMS 0x0000000705500000, 0x0000000705500000| Untracked 
|  54|0x0000000705600000, 0x0000000705600000, 0x0000000705700000|  0%| F|  |TAMS 0x0000000705600000, 0x0000000705600000| Untracked 
|  55|0x0000000705700000, 0x0000000705700000, 0x0000000705800000|  0%| F|  |TAMS 0x0000000705700000, 0x0000000705700000| Untracked 
|  56|0x0000000705800000, 0x0000000705800000, 0x0000000705900000|  0%| F|  |TAMS 0x0000000705800000, 0x0000000705800000| Untracked 
|  57|0x0000000705900000, 0x0000000705900000, 0x0000000705a00000|  0%| F|  |TAMS 0x0000000705900000, 0x0000000705900000| Untracked 
|  58|0x0000000705a00000, 0x0000000705a00000, 0x0000000705b00000|  0%| F|  |TAMS 0x0000000705a00000, 0x0000000705a00000| Untracked 
|  59|0x0000000705b00000, 0x0000000705b00000, 0x0000000705c00000|  0%| F|  |TAMS 0x0000000705b00000, 0x0000000705b00000| Untracked 
|  60|0x0000000705c00000, 0x0000000705c00000, 0x0000000705d00000|  0%| F|  |TAMS 0x0000000705c00000, 0x0000000705c00000| Untracked 
|  61|0x0000000705d00000, 0x0000000705d00000, 0x0000000705e00000|  0%| F|  |TAMS 0x0000000705d00000, 0x0000000705d00000| Untracked 
|  62|0x0000000705e00000, 0x0000000705e00000, 0x0000000705f00000|  0%| F|  |TAMS 0x0000000705e00000, 0x0000000705e00000| Untracked 
|  63|0x0000000705f00000, 0x0000000705f00000, 0x0000000706000000|  0%| F|  |TAMS 0x0000000705f00000, 0x0000000705f00000| Untracked 
|  64|0x0000000706000000, 0x0000000706000000, 0x0000000706100000|  0%| F|  |TAMS 0x0000000706000000, 0x0000000706000000| Untracked 
|  65|0x0000000706100000, 0x0000000706100000, 0x0000000706200000|  0%| F|  |TAMS 0x0000000706100000, 0x0000000706100000| Untracked 
|  66|0x0000000706200000, 0x0000000706200000, 0x0000000706300000|  0%| F|  |TAMS 0x0000000706200000, 0x0000000706200000| Untracked 
|  67|0x0000000706300000, 0x0000000706300000, 0x0000000706400000|  0%| F|  |TAMS 0x0000000706300000, 0x0000000706300000| Untracked 
|  68|0x0000000706400000, 0x0000000706400000, 0x0000000706500000|  0%| F|  |TAMS 0x0000000706400000, 0x0000000706400000| Untracked 
|  69|0x0000000706500000, 0x0000000706500000, 0x0000000706600000|  0%| F|  |TAMS 0x0000000706500000, 0x0000000706500000| Untracked 
|  70|0x0000000706600000, 0x0000000706600000, 0x0000000706700000|  0%| F|  |TAMS 0x0000000706600000, 0x0000000706600000| Untracked 
|  71|0x0000000706700000, 0x0000000706700000, 0x0000000706800000|  0%| F|  |TAMS 0x0000000706700000, 0x0000000706700000| Untracked 
|  72|0x0000000706800000, 0x0000000706800000, 0x0000000706900000|  0%| F|  |TAMS 0x0000000706800000, 0x0000000706800000| Untracked 
|  73|0x0000000706900000, 0x0000000706900000, 0x0000000706a00000|  0%| F|  |TAMS 0x0000000706900000, 0x0000000706900000| Untracked 
|  74|0x0000000706a00000, 0x0000000706a00000, 0x0000000706b00000|  0%| F|  |TAMS 0x0000000706a00000, 0x0000000706a00000| Untracked 
|  75|0x0000000706b00000, 0x0000000706b00000, 0x0000000706c00000|  0%| F|  |TAMS 0x0000000706b00000, 0x0000000706b00000| Untracked 
|  76|0x0000000706c00000, 0x0000000706c00000, 0x0000000706d00000|  0%| F|  |TAMS 0x0000000706c00000, 0x0000000706c00000| Untracked 
|  77|0x0000000706d00000, 0x0000000706d00000, 0x0000000706e00000|  0%| F|  |TAMS 0x0000000706d00000, 0x0000000706d00000| Untracked 
|  78|0x0000000706e00000, 0x0000000706e00000, 0x0000000706f00000|  0%| F|  |TAMS 0x0000000706e00000, 0x0000000706e00000| Untracked 
|  79|0x0000000706f00000, 0x0000000706f00000, 0x0000000707000000|  0%| F|  |TAMS 0x0000000706f00000, 0x0000000706f00000| Untracked 
|  80|0x0000000707000000, 0x0000000707000000, 0x0000000707100000|  0%| F|  |TAMS 0x0000000707000000, 0x0000000707000000| Untracked 
|  81|0x0000000707100000, 0x0000000707100000, 0x0000000707200000|  0%| F|  |TAMS 0x0000000707100000, 0x0000000707100000| Untracked 
|  82|0x0000000707200000, 0x0000000707200000, 0x0000000707300000|  0%| F|  |TAMS 0x0000000707200000, 0x0000000707200000| Untracked 
|  83|0x0000000707300000, 0x0000000707300000, 0x0000000707400000|  0%| F|  |TAMS 0x0000000707300000, 0x0000000707300000| Untracked 
|  84|0x0000000707400000, 0x0000000707400000, 0x0000000707500000|  0%| F|  |TAMS 0x0000000707400000, 0x0000000707400000| Untracked 
|  85|0x0000000707500000, 0x0000000707500000, 0x0000000707600000|  0%| F|  |TAMS 0x0000000707500000, 0x0000000707500000| Untracked 
|  86|0x0000000707600000, 0x0000000707600000, 0x0000000707700000|  0%| F|  |TAMS 0x0000000707600000, 0x0000000707600000| Untracked 
|  87|0x0000000707700000, 0x0000000707700000, 0x0000000707800000|  0%| F|  |TAMS 0x0000000707700000, 0x0000000707700000| Untracked 
|  88|0x0000000707800000, 0x0000000707800000, 0x0000000707900000|  0%| F|  |TAMS 0x0000000707800000, 0x0000000707800000| Untracked 
|  89|0x0000000707900000, 0x0000000707900000, 0x0000000707a00000|  0%| F|  |TAMS 0x0000000707900000, 0x0000000707900000| Untracked 
|  90|0x0000000707a00000, 0x0000000707a00000, 0x0000000707b00000|  0%| F|  |TAMS 0x0000000707a00000, 0x0000000707a00000| Untracked 
|  91|0x0000000707b00000, 0x0000000707b00000, 0x0000000707c00000|  0%| F|  |TAMS 0x0000000707b00000, 0x0000000707b00000| Untracked 
|  92|0x0000000707c00000, 0x0000000707c00000, 0x0000000707d00000|  0%| F|  |TAMS 0x0000000707c00000, 0x0000000707c00000| Untracked 
|  93|0x0000000707d00000, 0x0000000707d00000, 0x0000000707e00000|  0%| F|  |TAMS 0x0000000707d00000, 0x0000000707d00000| Untracked 
|  94|0x0000000707e00000, 0x0000000707e00000, 0x0000000707f00000|  0%| F|  |TAMS 0x0000000707e00000, 0x0000000707e00000| Untracked 
|  95|0x0000000707f00000, 0x0000000707f00000, 0x0000000708000000|  0%| F|  |TAMS 0x0000000707f00000, 0x0000000707f00000| Untracked 
|  96|0x0000000708000000, 0x0000000708000000, 0x0000000708100000|  0%| F|  |TAMS 0x0000000708000000, 0x0000000708000000| Untracked 
|  97|0x0000000708100000, 0x0000000708100000, 0x0000000708200000|  0%| F|  |TAMS 0x0000000708100000, 0x0000000708100000| Untracked 
|  98|0x0000000708200000, 0x0000000708200000, 0x0000000708300000|  0%| F|  |TAMS 0x0000000708200000, 0x0000000708200000| Untracked 
|  99|0x0000000708300000, 0x0000000708300000, 0x0000000708400000|  0%| F|  |TAMS 0x0000000708300000, 0x0000000708300000| Untracked 
| 100|0x0000000708400000, 0x0000000708400000, 0x0000000708500000|  0%| F|  |TAMS 0x0000000708400000, 0x0000000708400000| Untracked 
| 101|0x0000000708500000, 0x0000000708500000, 0x0000000708600000|  0%| F|  |TAMS 0x0000000708500000, 0x0000000708500000| Untracked 
| 102|0x0000000708600000, 0x0000000708600000, 0x0000000708700000|  0%| F|  |TAMS 0x0000000708600000, 0x0000000708600000| Untracked 
| 103|0x0000000708700000, 0x0000000708700000, 0x0000000708800000|  0%| F|  |TAMS 0x0000000708700000, 0x0000000708700000| Untracked 
| 104|0x0000000708800000, 0x0000000708800000, 0x0000000708900000|  0%| F|  |TAMS 0x0000000708800000, 0x0000000708800000| Untracked 
| 105|0x0000000708900000, 0x0000000708900000, 0x0000000708a00000|  0%| F|  |TAMS 0x0000000708900000, 0x0000000708900000| Untracked 
| 106|0x0000000708a00000, 0x0000000708a00000, 0x0000000708b00000|  0%| F|  |TAMS 0x0000000708a00000, 0x0000000708a00000| Untracked 
| 107|0x0000000708b00000, 0x0000000708b00000, 0x0000000708c00000|  0%| F|  |TAMS 0x0000000708b00000, 0x0000000708b00000| Untracked 
| 108|0x0000000708c00000, 0x0000000708c00000, 0x0000000708d00000|  0%| F|  |TAMS 0x0000000708c00000, 0x0000000708c00000| Untracked 
| 109|0x0000000708d00000, 0x0000000708d00000, 0x0000000708e00000|  0%| F|  |TAMS 0x0000000708d00000, 0x0000000708d00000| Untracked 
| 110|0x0000000708e00000, 0x0000000708e00000, 0x0000000708f00000|  0%| F|  |TAMS 0x0000000708e00000, 0x0000000708e00000| Untracked 
| 111|0x0000000708f00000, 0x0000000708f00000, 0x0000000709000000|  0%| F|  |TAMS 0x0000000708f00000, 0x0000000708f00000| Untracked 
| 112|0x0000000709000000, 0x0000000709000000, 0x0000000709100000|  0%| F|  |TAMS 0x0000000709000000, 0x0000000709000000| Untracked 
| 113|0x0000000709100000, 0x0000000709100000, 0x0000000709200000|  0%| F|  |TAMS 0x0000000709100000, 0x0000000709100000| Untracked 
| 114|0x0000000709200000, 0x0000000709200000, 0x0000000709300000|  0%| F|  |TAMS 0x0000000709200000, 0x0000000709200000| Untracked 
| 115|0x0000000709300000, 0x0000000709300000, 0x0000000709400000|  0%| F|  |TAMS 0x0000000709300000, 0x0000000709300000| Untracked 
| 116|0x0000000709400000, 0x0000000709400000, 0x0000000709500000|  0%| F|  |TAMS 0x0000000709400000, 0x0000000709400000| Untracked 
| 117|0x0000000709500000, 0x0000000709500000, 0x0000000709600000|  0%| F|  |TAMS 0x0000000709500000, 0x0000000709500000| Untracked 
| 118|0x0000000709600000, 0x0000000709600000, 0x0000000709700000|  0%| F|  |TAMS 0x0000000709600000, 0x0000000709600000| Untracked 
| 119|0x0000000709700000, 0x0000000709700000, 0x0000000709800000|  0%| F|  |TAMS 0x0000000709700000, 0x0000000709700000| Untracked 
| 120|0x0000000709800000, 0x0000000709800000, 0x0000000709900000|  0%| F|  |TAMS 0x0000000709800000, 0x0000000709800000| Untracked 
| 121|0x0000000709900000, 0x0000000709900000, 0x0000000709a00000|  0%| F|  |TAMS 0x0000000709900000, 0x0000000709900000| Untracked 
| 122|0x0000000709a00000, 0x0000000709a00000, 0x0000000709b00000|  0%| F|  |TAMS 0x0000000709a00000, 0x0000000709a00000| Untracked 
| 123|0x0000000709b00000, 0x0000000709b00000, 0x0000000709c00000|  0%| F|  |TAMS 0x0000000709b00000, 0x0000000709b00000| Untracked 
| 124|0x0000000709c00000, 0x0000000709c00000, 0x0000000709d00000|  0%| F|  |TAMS 0x0000000709c00000, 0x0000000709c00000| Untracked 
| 125|0x0000000709d00000, 0x0000000709d00000, 0x0000000709e00000|  0%| F|  |TAMS 0x0000000709d00000, 0x0000000709d00000| Untracked 
| 126|0x0000000709e00000, 0x0000000709e00000, 0x0000000709f00000|  0%| F|  |TAMS 0x0000000709e00000, 0x0000000709e00000| Untracked 
| 127|0x0000000709f00000, 0x0000000709f00000, 0x000000070a000000|  0%| F|  |TAMS 0x0000000709f00000, 0x0000000709f00000| Untracked 
| 128|0x000000070a000000, 0x000000070a000000, 0x000000070a100000|  0%| F|  |TAMS 0x000000070a000000, 0x000000070a000000| Untracked 
| 129|0x000000070a100000, 0x000000070a100000, 0x000000070a200000|  0%| F|  |TAMS 0x000000070a100000, 0x000000070a100000| Untracked 
| 130|0x000000070a200000, 0x000000070a200000, 0x000000070a300000|  0%| F|  |TAMS 0x000000070a200000, 0x000000070a200000| Untracked 
| 131|0x000000070a300000, 0x000000070a300000, 0x000000070a400000|  0%| F|  |TAMS 0x000000070a300000, 0x000000070a300000| Untracked 
| 132|0x000000070a400000, 0x000000070a400000, 0x000000070a500000|  0%| F|  |TAMS 0x000000070a400000, 0x000000070a400000| Untracked 
| 133|0x000000070a500000, 0x000000070a500000, 0x000000070a600000|  0%| F|  |TAMS 0x000000070a500000, 0x000000070a500000| Untracked 
| 134|0x000000070a600000, 0x000000070a600000, 0x000000070a700000|  0%| F|  |TAMS 0x000000070a600000, 0x000000070a600000| Untracked 
| 135|0x000000070a700000, 0x000000070a700000, 0x000000070a800000|  0%| F|  |TAMS 0x000000070a700000, 0x000000070a700000| Untracked 
| 136|0x000000070a800000, 0x000000070a800000, 0x000000070a900000|  0%| F|  |TAMS 0x000000070a800000, 0x000000070a800000| Untracked 
| 137|0x000000070a900000, 0x000000070a900000, 0x000000070aa00000|  0%| F|  |TAMS 0x000000070a900000, 0x000000070a900000| Untracked 
| 138|0x000000070aa00000, 0x000000070aa00000, 0x000000070ab00000|  0%| F|  |TAMS 0x000000070aa00000, 0x000000070aa00000| Untracked 
| 139|0x000000070ab00000, 0x000000070ab00000, 0x000000070ac00000|  0%| F|  |TAMS 0x000000070ab00000, 0x000000070ab00000| Untracked 
| 140|0x000000070ac00000, 0x000000070ac00000, 0x000000070ad00000|  0%| F|  |TAMS 0x000000070ac00000, 0x000000070ac00000| Untracked 
| 141|0x000000070ad00000, 0x000000070ad00000, 0x000000070ae00000|  0%| F|  |TAMS 0x000000070ad00000, 0x000000070ad00000| Untracked 
| 142|0x000000070ae00000, 0x000000070ae00000, 0x000000070af00000|  0%| F|  |TAMS 0x000000070ae00000, 0x000000070ae00000| Untracked 
| 143|0x000000070af00000, 0x000000070af00000, 0x000000070b000000|  0%| F|  |TAMS 0x000000070af00000, 0x000000070af00000| Untracked 
| 144|0x000000070b000000, 0x000000070b000000, 0x000000070b100000|  0%| F|  |TAMS 0x000000070b000000, 0x000000070b000000| Untracked 
| 145|0x000000070b100000, 0x000000070b100000, 0x000000070b200000|  0%| F|  |TAMS 0x000000070b100000, 0x000000070b100000| Untracked 
| 146|0x000000070b200000, 0x000000070b200000, 0x000000070b300000|  0%| F|  |TAMS 0x000000070b200000, 0x000000070b200000| Untracked 
| 147|0x000000070b300000, 0x000000070b300000, 0x000000070b400000|  0%| F|  |TAMS 0x000000070b300000, 0x000000070b300000| Untracked 
| 148|0x000000070b400000, 0x000000070b400000, 0x000000070b500000|  0%| F|  |TAMS 0x000000070b400000, 0x000000070b400000| Untracked 
| 149|0x000000070b500000, 0x000000070b500000, 0x000000070b600000|  0%| F|  |TAMS 0x000000070b500000, 0x000000070b500000| Untracked 
| 150|0x000000070b600000, 0x000000070b600000, 0x000000070b700000|  0%| F|  |TAMS 0x000000070b600000, 0x000000070b600000| Untracked 
| 151|0x000000070b700000, 0x000000070b700000, 0x000000070b800000|  0%| F|  |TAMS 0x000000070b700000, 0x000000070b700000| Untracked 
| 152|0x000000070b800000, 0x000000070b800000, 0x000000070b900000|  0%| F|  |TAMS 0x000000070b800000, 0x000000070b800000| Untracked 
| 153|0x000000070b900000, 0x000000070b900000, 0x000000070ba00000|  0%| F|  |TAMS 0x000000070b900000, 0x000000070b900000| Untracked 
| 154|0x000000070ba00000, 0x000000070ba00000, 0x000000070bb00000|  0%| F|  |TAMS 0x000000070ba00000, 0x000000070ba00000| Untracked 
| 155|0x000000070bb00000, 0x000000070bb00000, 0x000000070bc00000|  0%| F|  |TAMS 0x000000070bb00000, 0x000000070bb00000| Untracked 
| 156|0x000000070bc00000, 0x000000070bc00000, 0x000000070bd00000|  0%| F|  |TAMS 0x000000070bc00000, 0x000000070bc00000| Untracked 
| 157|0x000000070bd00000, 0x000000070bd00000, 0x000000070be00000|  0%| F|  |TAMS 0x000000070bd00000, 0x000000070bd00000| Untracked 
| 158|0x000000070be00000, 0x000000070be00000, 0x000000070bf00000|  0%| F|  |TAMS 0x000000070be00000, 0x000000070be00000| Untracked 
| 159|0x000000070bf00000, 0x000000070bf00000, 0x000000070c000000|  0%| F|  |TAMS 0x000000070bf00000, 0x000000070bf00000| Untracked 
| 160|0x000000070c000000, 0x000000070c000000, 0x000000070c100000|  0%| F|  |TAMS 0x000000070c000000, 0x000000070c000000| Untracked 
| 161|0x000000070c100000, 0x000000070c100000, 0x000000070c200000|  0%| F|  |TAMS 0x000000070c100000, 0x000000070c100000| Untracked 
| 162|0x000000070c200000, 0x000000070c200000, 0x000000070c300000|  0%| F|  |TAMS 0x000000070c200000, 0x000000070c200000| Untracked 
| 163|0x000000070c300000, 0x000000070c300000, 0x000000070c400000|  0%| F|  |TAMS 0x000000070c300000, 0x000000070c300000| Untracked 
| 164|0x000000070c400000, 0x000000070c400000, 0x000000070c500000|  0%| F|  |TAMS 0x000000070c400000, 0x000000070c400000| Untracked 
| 165|0x000000070c500000, 0x000000070c500000, 0x000000070c600000|  0%| F|  |TAMS 0x000000070c500000, 0x000000070c500000| Untracked 
| 166|0x000000070c600000, 0x000000070c600000, 0x000000070c700000|  0%| F|  |TAMS 0x000000070c600000, 0x000000070c600000| Untracked 
| 167|0x000000070c700000, 0x000000070c700000, 0x000000070c800000|  0%| F|  |TAMS 0x000000070c700000, 0x000000070c700000| Untracked 
| 168|0x000000070c800000, 0x000000070c800000, 0x000000070c900000|  0%| F|  |TAMS 0x000000070c800000, 0x000000070c800000| Untracked 
| 169|0x000000070c900000, 0x000000070c900000, 0x000000070ca00000|  0%| F|  |TAMS 0x000000070c900000, 0x000000070c900000| Untracked 
| 170|0x000000070ca00000, 0x000000070ca00000, 0x000000070cb00000|  0%| F|  |TAMS 0x000000070ca00000, 0x000000070ca00000| Untracked 
| 171|0x000000070cb00000, 0x000000070cb00000, 0x000000070cc00000|  0%| F|  |TAMS 0x000000070cb00000, 0x000000070cb00000| Untracked 
| 172|0x000000070cc00000, 0x000000070cc00000, 0x000000070cd00000|  0%| F|  |TAMS 0x000000070cc00000, 0x000000070cc00000| Untracked 
| 173|0x000000070cd00000, 0x000000070cd00000, 0x000000070ce00000|  0%| F|  |TAMS 0x000000070cd00000, 0x000000070cd00000| Untracked 
| 174|0x000000070ce00000, 0x000000070ce00000, 0x000000070cf00000|  0%| F|  |TAMS 0x000000070ce00000, 0x000000070ce00000| Untracked 
| 175|0x000000070cf00000, 0x000000070cf00000, 0x000000070d000000|  0%| F|  |TAMS 0x000000070cf00000, 0x000000070cf00000| Untracked 
| 176|0x000000070d000000, 0x000000070d000000, 0x000000070d100000|  0%| F|  |TAMS 0x000000070d000000, 0x000000070d000000| Untracked 
| 177|0x000000070d100000, 0x000000070d100000, 0x000000070d200000|  0%| F|  |TAMS 0x000000070d100000, 0x000000070d100000| Untracked 
| 178|0x000000070d200000, 0x000000070d200000, 0x000000070d300000|  0%| F|  |TAMS 0x000000070d200000, 0x000000070d200000| Untracked 
| 179|0x000000070d300000, 0x000000070d300000, 0x000000070d400000|  0%| F|  |TAMS 0x000000070d300000, 0x000000070d300000| Untracked 
| 180|0x000000070d400000, 0x000000070d400000, 0x000000070d500000|  0%| F|  |TAMS 0x000000070d400000, 0x000000070d400000| Untracked 
| 181|0x000000070d500000, 0x000000070d500000, 0x000000070d600000|  0%| F|  |TAMS 0x000000070d500000, 0x000000070d500000| Untracked 
| 182|0x000000070d600000, 0x000000070d600000, 0x000000070d700000|  0%| F|  |TAMS 0x000000070d600000, 0x000000070d600000| Untracked 
| 183|0x000000070d700000, 0x000000070d700000, 0x000000070d800000|  0%| F|  |TAMS 0x000000070d700000, 0x000000070d700000| Untracked 
| 184|0x000000070d800000, 0x000000070d800000, 0x000000070d900000|  0%| F|  |TAMS 0x000000070d800000, 0x000000070d800000| Untracked 
| 185|0x000000070d900000, 0x000000070d900000, 0x000000070da00000|  0%| F|  |TAMS 0x000000070d900000, 0x000000070d900000| Untracked 
| 186|0x000000070da00000, 0x000000070da00000, 0x000000070db00000|  0%| F|  |TAMS 0x000000070da00000, 0x000000070da00000| Untracked 
| 187|0x000000070db00000, 0x000000070db00000, 0x000000070dc00000|  0%| F|  |TAMS 0x000000070db00000, 0x000000070db00000| Untracked 
| 188|0x000000070dc00000, 0x000000070dc00000, 0x000000070dd00000|  0%| F|  |TAMS 0x000000070dc00000, 0x000000070dc00000| Untracked 
| 189|0x000000070dd00000, 0x000000070dd00000, 0x000000070de00000|  0%| F|  |TAMS 0x000000070dd00000, 0x000000070dd00000| Untracked 
| 190|0x000000070de00000, 0x000000070de00000, 0x000000070df00000|  0%| F|  |TAMS 0x000000070de00000, 0x000000070de00000| Untracked 
| 191|0x000000070df00000, 0x000000070df00000, 0x000000070e000000|  0%| F|  |TAMS 0x000000070df00000, 0x000000070df00000| Untracked 
| 192|0x000000070e000000, 0x000000070e000000, 0x000000070e100000|  0%| F|  |TAMS 0x000000070e000000, 0x000000070e000000| Untracked 
| 193|0x000000070e100000, 0x000000070e100000, 0x000000070e200000|  0%| F|  |TAMS 0x000000070e100000, 0x000000070e100000| Untracked 
| 194|0x000000070e200000, 0x000000070e200000, 0x000000070e300000|  0%| F|  |TAMS 0x000000070e200000, 0x000000070e200000| Untracked 
| 195|0x000000070e300000, 0x000000070e300000, 0x000000070e400000|  0%| F|  |TAMS 0x000000070e300000, 0x000000070e300000| Untracked 
| 196|0x000000070e400000, 0x000000070e400000, 0x000000070e500000|  0%| F|  |TAMS 0x000000070e400000, 0x000000070e400000| Untracked 
| 197|0x000000070e500000, 0x000000070e500000, 0x000000070e600000|  0%| F|  |TAMS 0x000000070e500000, 0x000000070e500000| Untracked 
| 198|0x000000070e600000, 0x000000070e600000, 0x000000070e700000|  0%| F|  |TAMS 0x000000070e600000, 0x000000070e600000| Untracked 
| 199|0x000000070e700000, 0x000000070e700000, 0x000000070e800000|  0%| F|  |TAMS 0x000000070e700000, 0x000000070e700000| Untracked 
| 200|0x000000070e800000, 0x000000070e800000, 0x000000070e900000|  0%| F|  |TAMS 0x000000070e800000, 0x000000070e800000| Untracked 
| 201|0x000000070e900000, 0x000000070e900000, 0x000000070ea00000|  0%| F|  |TAMS 0x000000070e900000, 0x000000070e900000| Untracked 
| 202|0x000000070ea00000, 0x000000070ea00000, 0x000000070eb00000|  0%| F|  |TAMS 0x000000070ea00000, 0x000000070ea00000| Untracked 
| 203|0x000000070eb00000, 0x000000070eb00000, 0x000000070ec00000|  0%| F|  |TAMS 0x000000070eb00000, 0x000000070eb00000| Untracked 
| 204|0x000000070ec00000, 0x000000070ec00000, 0x000000070ed00000|  0%| F|  |TAMS 0x000000070ec00000, 0x000000070ec00000| Untracked 
| 205|0x000000070ed00000, 0x000000070ed00000, 0x000000070ee00000|  0%| F|  |TAMS 0x000000070ed00000, 0x000000070ed00000| Untracked 
| 206|0x000000070ee00000, 0x000000070ee00000, 0x000000070ef00000|  0%| F|  |TAMS 0x000000070ee00000, 0x000000070ee00000| Untracked 
| 207|0x000000070ef00000, 0x000000070ef00000, 0x000000070f000000|  0%| F|  |TAMS 0x000000070ef00000, 0x000000070ef00000| Untracked 
| 208|0x000000070f000000, 0x000000070f000000, 0x000000070f100000|  0%| F|  |TAMS 0x000000070f000000, 0x000000070f000000| Untracked 
| 209|0x000000070f100000, 0x000000070f100000, 0x000000070f200000|  0%| F|  |TAMS 0x000000070f100000, 0x000000070f100000| Untracked 
| 210|0x000000070f200000, 0x000000070f200000, 0x000000070f300000|  0%| F|  |TAMS 0x000000070f200000, 0x000000070f200000| Untracked 
| 211|0x000000070f300000, 0x000000070f300000, 0x000000070f400000|  0%| F|  |TAMS 0x000000070f300000, 0x000000070f300000| Untracked 
| 212|0x000000070f400000, 0x000000070f400000, 0x000000070f500000|  0%| F|  |TAMS 0x000000070f400000, 0x000000070f400000| Untracked 
| 213|0x000000070f500000, 0x000000070f500000, 0x000000070f600000|  0%| F|  |TAMS 0x000000070f500000, 0x000000070f500000| Untracked 
| 214|0x000000070f600000, 0x000000070f600000, 0x000000070f700000|  0%| F|  |TAMS 0x000000070f600000, 0x000000070f600000| Untracked 
| 215|0x000000070f700000, 0x000000070f700000, 0x000000070f800000|  0%| F|  |TAMS 0x000000070f700000, 0x000000070f700000| Untracked 
| 216|0x000000070f800000, 0x000000070f800000, 0x000000070f900000|  0%| F|  |TAMS 0x000000070f800000, 0x000000070f800000| Untracked 
| 217|0x000000070f900000, 0x000000070f900000, 0x000000070fa00000|  0%| F|  |TAMS 0x000000070f900000, 0x000000070f900000| Untracked 
| 218|0x000000070fa00000, 0x000000070fa00000, 0x000000070fb00000|  0%| F|  |TAMS 0x000000070fa00000, 0x000000070fa00000| Untracked 
| 219|0x000000070fb00000, 0x000000070fb00000, 0x000000070fc00000|  0%| F|  |TAMS 0x000000070fb00000, 0x000000070fb00000| Untracked 
| 220|0x000000070fc00000, 0x000000070fc00000, 0x000000070fd00000|  0%| F|  |TAMS 0x000000070fc00000, 0x000000070fc00000| Untracked 
| 221|0x000000070fd00000, 0x000000070fd00000, 0x000000070fe00000|  0%| F|  |TAMS 0x000000070fd00000, 0x000000070fd00000| Untracked 
| 222|0x000000070fe00000, 0x000000070fe00000, 0x000000070ff00000|  0%| F|  |TAMS 0x000000070fe00000, 0x000000070fe00000| Untracked 
| 223|0x000000070ff00000, 0x000000070ff00000, 0x0000000710000000|  0%| F|  |TAMS 0x000000070ff00000, 0x000000070ff00000| Untracked 
| 224|0x0000000710000000, 0x0000000710000000, 0x0000000710100000|  0%| F|  |TAMS 0x0000000710000000, 0x0000000710000000| Untracked 
| 225|0x0000000710100000, 0x0000000710100000, 0x0000000710200000|  0%| F|  |TAMS 0x0000000710100000, 0x0000000710100000| Untracked 
| 226|0x0000000710200000, 0x0000000710200000, 0x0000000710300000|  0%| F|  |TAMS 0x0000000710200000, 0x0000000710200000| Untracked 
| 227|0x0000000710300000, 0x0000000710300000, 0x0000000710400000|  0%| F|  |TAMS 0x0000000710300000, 0x0000000710300000| Untracked 
| 228|0x0000000710400000, 0x0000000710400000, 0x0000000710500000|  0%| F|  |TAMS 0x0000000710400000, 0x0000000710400000| Untracked 
| 229|0x0000000710500000, 0x0000000710500000, 0x0000000710600000|  0%| F|  |TAMS 0x0000000710500000, 0x0000000710500000| Untracked 
| 230|0x0000000710600000, 0x0000000710600000, 0x0000000710700000|  0%| F|  |TAMS 0x0000000710600000, 0x0000000710600000| Untracked 
| 231|0x0000000710700000, 0x0000000710700000, 0x0000000710800000|  0%| F|  |TAMS 0x0000000710700000, 0x0000000710700000| Untracked 
| 232|0x0000000710800000, 0x0000000710800000, 0x0000000710900000|  0%| F|  |TAMS 0x0000000710800000, 0x0000000710800000| Untracked 
| 233|0x0000000710900000, 0x0000000710900000, 0x0000000710a00000|  0%| F|  |TAMS 0x0000000710900000, 0x0000000710900000| Untracked 
| 234|0x0000000710a00000, 0x0000000710a00000, 0x0000000710b00000|  0%| F|  |TAMS 0x0000000710a00000, 0x0000000710a00000| Untracked 
| 235|0x0000000710b00000, 0x0000000710b00000, 0x0000000710c00000|  0%| F|  |TAMS 0x0000000710b00000, 0x0000000710b00000| Untracked 
| 236|0x0000000710c00000, 0x0000000710c00000, 0x0000000710d00000|  0%| F|  |TAMS 0x0000000710c00000, 0x0000000710c00000| Untracked 
| 237|0x0000000710d00000, 0x0000000710d00000, 0x0000000710e00000|  0%| F|  |TAMS 0x0000000710d00000, 0x0000000710d00000| Untracked 
| 238|0x0000000710e00000, 0x0000000710e00000, 0x0000000710f00000|  0%| F|  |TAMS 0x0000000710e00000, 0x0000000710e00000| Untracked 
| 239|0x0000000710f00000, 0x0000000710f00000, 0x0000000711000000|  0%| F|  |TAMS 0x0000000710f00000, 0x0000000710f00000| Untracked 
| 240|0x0000000711000000, 0x0000000711000000, 0x0000000711100000|  0%| F|  |TAMS 0x0000000711000000, 0x0000000711000000| Untracked 
| 241|0x0000000711100000, 0x0000000711100000, 0x0000000711200000|  0%| F|  |TAMS 0x0000000711100000, 0x0000000711100000| Untracked 
| 242|0x0000000711200000, 0x0000000711200000, 0x0000000711300000|  0%| F|  |TAMS 0x0000000711200000, 0x0000000711200000| Untracked 
| 243|0x0000000711300000, 0x0000000711300000, 0x0000000711400000|  0%| F|  |TAMS 0x0000000711300000, 0x0000000711300000| Untracked 
| 244|0x0000000711400000, 0x0000000711400000, 0x0000000711500000|  0%| F|  |TAMS 0x0000000711400000, 0x0000000711400000| Untracked 
| 245|0x0000000711500000, 0x0000000711500000, 0x0000000711600000|  0%| F|  |TAMS 0x0000000711500000, 0x0000000711500000| Untracked 
| 246|0x0000000711600000, 0x0000000711600000, 0x0000000711700000|  0%| F|  |TAMS 0x0000000711600000, 0x0000000711600000| Untracked 
| 247|0x0000000711700000, 0x00000007117cc1c0, 0x0000000711800000| 79%| S|CS|TAMS 0x0000000711700000, 0x0000000711700000| Complete 
| 248|0x0000000711800000, 0x0000000711800000, 0x0000000711900000|  0%| F|  |TAMS 0x0000000711800000, 0x0000000711800000| Untracked 
| 249|0x0000000711900000, 0x0000000711900000, 0x0000000711a00000|  0%| F|  |TAMS 0x0000000711900000, 0x0000000711900000| Untracked 
| 250|0x0000000711a00000, 0x0000000711a00000, 0x0000000711b00000|  0%| F|  |TAMS 0x0000000711a00000, 0x0000000711a00000| Untracked 
| 251|0x0000000711b00000, 0x0000000711b00000, 0x0000000711c00000|  0%| F|  |TAMS 0x0000000711b00000, 0x0000000711b00000| Untracked 
| 252|0x0000000711c00000, 0x0000000711c00000, 0x0000000711d00000|  0%| F|  |TAMS 0x0000000711c00000, 0x0000000711c00000| Untracked 
| 253|0x0000000711d00000, 0x0000000711d00000, 0x0000000711e00000|  0%| F|  |TAMS 0x0000000711d00000, 0x0000000711d00000| Untracked 

Card table byte_map: [0x000001dd357f0000,0x000001dd35fe0000] _byte_map_base: 0x000001dd31fe0000

Marking Bits (Prev, Next): (CMBitMap*) 0x000001dd2255c7b0, (CMBitMap*) 0x000001dd2255c778
 Prev Bits: [0x000001dd3a750000, 0x000001dd3e6d0000)
 Next Bits: [0x000001dd367d0000, 0x000001dd3a750000)

Polling page: 0x000001dd20460000

Metaspace:

Usage:
  Non-class:     19.71 MB capacity,    19.64 MB (>99%) used,    49.84 KB ( <1%) free+waste,    26.81 KB ( <1%) overhead. 
      Class:      2.47 MB capacity,     2.35 MB ( 95%) used,   111.97 KB (  4%) free+waste,    11.19 KB ( <1%) overhead. 
       Both:     22.18 MB capacity,    21.99 MB (>99%) used,   161.80 KB ( <1%) free+waste,    38.00 KB ( <1%) overhead. 

Virtual space:
  Non-class space:       28.00 MB reserved,      19.75 MB ( 71%) committed 
      Class space:        1.00 GB reserved,       2.50 MB ( <1%) committed 
             Both:        1.03 GB reserved,      22.25 MB (  2%) committed 

Chunk freelists:
   Non-Class:  37.00 KB
       Class:  1.00 KB
        Both:  38.00 KB

MaxMetaspaceSize: 17179869184.00 GB
CompressedClassSpaceSize: 1.00 GB

CodeHeap 'non-profiled nmethods': size=120064Kb used=527Kb max_used=527Kb free=119536Kb
 bounds [0x000001dd2dac0000, 0x000001dd2dd30000, 0x000001dd35000000]
CodeHeap 'profiled nmethods': size=120000Kb used=3431Kb max_used=3431Kb free=116568Kb
 bounds [0x000001dd26590000, 0x000001dd268f0000, 0x000001dd2dac0000]
CodeHeap 'non-nmethods': size=5696Kb used=1135Kb max_used=1157Kb free=4560Kb
 bounds [0x000001dd26000000, 0x000001dd26270000, 0x000001dd26590000]
 total_blobs=2137 nmethods=1684 adapters=364
 compilation: enabled
              stopped_count=0, restarted_count=0
 full_count=0

Compilation events (20 events):
Event: 3.112 Thread 0x000001dd414d7000 nmethod 1673 0x000001dd268e3c10 code [0x000001dd268e3de0, 0x000001dd268e4108]
Event: 3.112 Thread 0x000001dd414d7000 1674       3       sun.invoke.util.VerifyAccess::isClassAccessible (182 bytes)
Event: 3.114 Thread 0x000001dd414d7000 nmethod 1674 0x000001dd268e4210 code [0x000001dd268e45c0, 0x000001dd268e5b98]
Event: 3.115 Thread 0x000001dd414d7000 1677       3       java.lang.invoke.MethodType::basicType (8 bytes)
Event: 3.115 Thread 0x000001dd414d7000 nmethod 1677 0x000001dd268e6290 code [0x000001dd268e6440, 0x000001dd268e6578]
Event: 3.154 Thread 0x000001dd414d5000 1678   !   4       java.util.concurrent.ConcurrentHashMap::transfer (828 bytes)
Event: 3.202 Thread 0x000001dd414d7000 1679       3       jdk.internal.jimage.ImageLocation::decompress (153 bytes)
Event: 3.205 Thread 0x000001dd414d7000 nmethod 1679 0x000001dd268e6610 code [0x000001dd268e6920, 0x000001dd268e7ab8]
Event: 3.205 Thread 0x000001dd414d7000 1680       3       java.nio.MappedByteBuffer::limit (6 bytes)
Event: 3.205 Thread 0x000001dd414d7000 nmethod 1680 0x000001dd268e8090 code [0x000001dd268e8260, 0x000001dd268e8468]
Event: 3.205 Thread 0x000001dd414d7000 1681       3       java.nio.MappedByteBuffer::position (6 bytes)
Event: 3.205 Thread 0x000001dd414d7000 nmethod 1681 0x000001dd268e8590 code [0x000001dd268e8760, 0x000001dd268e8968]
Event: 3.205 Thread 0x000001dd414d7000 1682       3       java.nio.DirectByteBuffer::<init> (35 bytes)
Event: 3.206 Thread 0x000001dd414d7000 nmethod 1682 0x000001dd268e8a90 code [0x000001dd268e8c80, 0x000001dd268e9078]
Event: 3.206 Thread 0x000001dd414d7000 1683   !   3       jdk.internal.jimage.BasicImageReader::slice (32 bytes)
Event: 3.207 Thread 0x000001dd414d7000 nmethod 1683 0x000001dd268e9210 code [0x000001dd268e9400, 0x000001dd268e9908]
Event: 3.207 Thread 0x000001dd414d7000 1684       3       java.nio.MappedByteBuffer::limit (6 bytes)
Event: 3.207 Thread 0x000001dd414d7000 nmethod 1684 0x000001dd268e9a90 code [0x000001dd268e9c60, 0x000001dd268e9e68]
Event: 3.212 Thread 0x000001dd414d5000 nmethod 1678 0x000001dd2db41e90 code [0x000001dd2db42080, 0x000001dd2db436a8]
Event: 3.212 Thread 0x000001dd414d5000 1685       4       java.lang.StringLatin1::toLowerCase (180 bytes)

GC Heap History (6 events):
Event: 1.095 GC heap before
{Heap before GC invocations=0 (full 0):
 garbage-first heap   total 260096K, used 17408K [0x0000000702000000, 0x0000000800000000)
  region size 1024K, 14 young (14336K), 0 survivors (0K)
 Metaspace       used 9762K, capacity 9871K, committed 10112K, reserved 1058816K
  class space    used 834K, capacity 884K, committed 896K, reserved 1048576K
}
Event: 1.130 GC heap after
{Heap after GC invocations=1 (full 0):
 garbage-first heap   total 260096K, used 5433K [0x0000000702000000, 0x0000000800000000)
  region size 1024K, 2 young (2048K), 2 survivors (2048K)
 Metaspace       used 9762K, capacity 9871K, committed 10112K, reserved 1058816K
  class space    used 834K, capacity 884K, committed 896K, reserved 1048576K
}
Event: 2.972 GC heap before
{Heap before GC invocations=1 (full 0):
 garbage-first heap   total 260096K, used 51513K [0x0000000702000000, 0x0000000800000000)
  region size 1024K, 48 young (49152K), 2 survivors (2048K)
 Metaspace       used 21008K, capacity 21180K, committed 21248K, reserved 1069056K
  class space    used 2202K, capacity 2291K, committed 2304K, reserved 1048576K
}
Event: 2.990 GC heap after
{Heap after GC invocations=2 (full 0):
 garbage-first heap   total 260096K, used 9566K [0x0000000702000000, 0x0000000800000000)
  region size 1024K, 7 young (7168K), 7 survivors (7168K)
 Metaspace       used 21008K, capacity 21180K, committed 21248K, reserved 1069056K
  class space    used 2202K, capacity 2291K, committed 2304K, reserved 1048576K
}
Event: 3.223 GC heap before
{Heap before GC invocations=3 (full 0):
 garbage-first heap   total 260096K, used 14686K [0x0000000702000000, 0x0000000800000000)
  region size 1024K, 13 young (13312K), 7 survivors (7168K)
 Metaspace       used 22514K, capacity 22714K, committed 22780K, reserved 1075200K
  class space    used 2403K, capacity 2527K, committed 2556K, reserved 1048576K
}
Event: 3.240 GC heap after
{Heap after GC invocations=4 (full 0):
 garbage-first heap   total 260096K, used 10375K [0x0000000702000000, 0x0000000800000000)
  region size 1024K, 1 young (1024K), 1 survivors (1024K)
 Metaspace       used 22514K, capacity 22714K, committed 22780K, reserved 1075200K
  class space    used 2403K, capacity 2527K, committed 2556K, reserved 1048576K
}

Deoptimization events (20 events):
Event: 1.867 Thread 0x000001dd224fd800 Uncommon trap: trap_request=0xffffff4d fr.pc=0x000001dd2dafc570 relative=0x0000000000000530
Event: 1.867 Thread 0x000001dd224fd800 Uncommon trap: reason=unstable_if action=reinterpret pc=0x000001dd2dafc570 method=java.util.ArrayList.newCapacity(I)I @ 25 c2
Event: 1.867 Thread 0x000001dd224fd800 DEOPT PACKING pc=0x000001dd2dafc570 sp=0x000000242c0fd810
Event: 1.867 Thread 0x000001dd224fd800 DEOPT UNPACKING pc=0x000001dd260268af sp=0x000000242c0fd630 mode 2
Event: 2.348 Thread 0x000001dd224fd800 Uncommon trap: trap_request=0xffffff4d fr.pc=0x000001dd2daf1af4 relative=0x00000000000001d4
Event: 2.348 Thread 0x000001dd224fd800 Uncommon trap: reason=unstable_if action=reinterpret pc=0x000001dd2daf1af4 method=java.lang.String.startsWith(Ljava/lang/String;I)Z @ 14 c2
Event: 2.348 Thread 0x000001dd224fd800 DEOPT PACKING pc=0x000001dd2daf1af4 sp=0x000000242c0fea00
Event: 2.348 Thread 0x000001dd224fd800 DEOPT UNPACKING pc=0x000001dd260268af sp=0x000000242c0fe910 mode 2
Event: 2.348 Thread 0x000001dd224fd800 Uncommon trap: trap_request=0xffffff4d fr.pc=0x000001dd2dae4474 relative=0x0000000000000234
Event: 2.348 Thread 0x000001dd224fd800 Uncommon trap: reason=unstable_if action=reinterpret pc=0x000001dd2dae4474 method=java.lang.String.startsWith(Ljava/lang/String;I)Z @ 14 c2
Event: 2.348 Thread 0x000001dd224fd800 DEOPT PACKING pc=0x000001dd2dae4474 sp=0x000000242c0fe990
Event: 2.348 Thread 0x000001dd224fd800 DEOPT UNPACKING pc=0x000001dd260268af sp=0x000000242c0fe910 mode 2
Event: 2.430 Thread 0x000001dd224fd800 Uncommon trap: trap_request=0xffffff4d fr.pc=0x000001dd2dadee8c relative=0x00000000000000cc
Event: 2.431 Thread 0x000001dd224fd800 Uncommon trap: reason=unstable_if action=reinterpret pc=0x000001dd2dadee8c method=java.lang.Integer.valueOf(I)Ljava/lang/Integer; @ 3 c2
Event: 2.431 Thread 0x000001dd224fd800 DEOPT PACKING pc=0x000001dd2dadee8c sp=0x000000242c0fcb00
Event: 2.431 Thread 0x000001dd224fd800 DEOPT UNPACKING pc=0x000001dd260268af sp=0x000000242c0fca98 mode 2
Event: 2.795 Thread 0x000001dd224fd800 Uncommon trap: trap_request=0xffffffcc fr.pc=0x000001dd2db2caf0 relative=0x00000000000001b0
Event: 2.795 Thread 0x000001dd224fd800 Uncommon trap: reason=intrinsic_or_type_checked_inlining action=make_not_entrant pc=0x000001dd2db2caf0 method=java.util.Arrays.copyOf([Ljava/lang/Object;ILjava/lang/Class;)[Ljava/lang/Object; @ 35 c2
Event: 2.795 Thread 0x000001dd224fd800 DEOPT PACKING pc=0x000001dd2db2caf0 sp=0x000000242c0fe6f0
Event: 2.795 Thread 0x000001dd224fd800 DEOPT UNPACKING pc=0x000001dd260268af sp=0x000000242c0fe698 mode 2

Classes redefined (0 events):
No events

Internal exceptions (6 events):
Event: 2.563 Thread 0x000001dd224fd800 Exception <a 'java/lang/NoSuchMethodError'{0x000000070fa93088}: 'int java.lang.invoke.DirectMethodHandle$Holder.invokeSpecialIFC(java.lang.Object, java.lang.Object, int)'> (0x000000070fa93088) thrown at [./src/hotspot/share/interpreter/linkResolver.cpp, line 773]
Event: 2.912 Thread 0x000001dd224fd800 Exception <a 'java/lang/NoSuchMethodError'{0x000000070f033280}: 'java.lang.Object java.lang.invoke.DirectMethodHandle$Holder.invokeStaticInit(java.lang.Object, int)'> (0x000000070f033280) thrown at [./src/hotspot/share/interpreter/linkResolver.cpp, line 773]
Event: 2.951 Thread 0x000001dd224fd800 Exception <a 'java/lang/NoSuchMethodError'{0x000000070efbe060}: 'long java.lang.invoke.DirectMethodHandle$Holder.invokeStatic(java.lang.Object)'> (0x000000070efbe060) thrown at [./src/hotspot/share/interpreter/linkResolver.cpp, line 773]
Event: 2.951 Thread 0x000001dd224fd800 Exception <a 'java/lang/NoSuchMethodError'{0x000000070efc0eb8}: 'long java.lang.invoke.DirectMethodHandle$Holder.invokeStaticInit(java.lang.Object)'> (0x000000070efc0eb8) thrown at [./src/hotspot/share/interpreter/linkResolver.cpp, line 773]
Event: 3.108 Thread 0x000001dd224fd800 Exception <a 'java/lang/NoSuchMethodError'{0x0000000711bfc898}: 'int java.lang.invoke.DirectMethodHandle$Holder.invokeStaticInit(java.lang.Object, java.lang.Object, java.lang.Object)'> (0x0000000711bfc898) thrown at [./src/hotspot/share/interpreter/linkResolver.cpp, line 773]
Event: 3.115 Thread 0x000001dd224fd800 Exception <a 'java/lang/NoSuchMethodError'{0x0000000711a28a98}: 'int java.lang.invoke.DirectMethodHandle$Holder.invokeStaticInit(java.lang.Object, java.lang.Object)'> (0x0000000711a28a98) thrown at [./src/hotspot/share/interpreter/linkResolver.cpp, line 773]

Events (20 events):
Event: 3.218 loading class org/jetbrains/kotlin/com/intellij/openapi/util/SafeJdomFactory done
Event: 3.219 loading class java/text/DateFormat
Event: 3.219 loading class java/text/Format
Event: 3.219 loading class java/text/Format done
Event: 3.219 loading class java/text/DateFormat done
Event: 3.219 loading class java/text/SimpleDateFormat
Event: 3.220 loading class java/text/SimpleDateFormat done
Event: 3.220 loading class org/jetbrains/kotlin/it/unimi/dsi/fastutil/objects/ObjectOpenHashSet
Event: 3.220 loading class org/jetbrains/kotlin/it/unimi/dsi/fastutil/objects/ObjectOpenHashSet done
Event: 3.221 loading class org/jetbrains/kotlin/it/unimi/dsi/fastutil/objects/AbstractObjectSet
Event: 3.221 loading class org/jetbrains/kotlin/it/unimi/dsi/fastutil/objects/AbstractObjectSet done
Event: 3.221 loading class org/jetbrains/kotlin/it/unimi/dsi/fastutil/objects/AbstractObjectCollection
Event: 3.221 loading class org/jetbrains/kotlin/it/unimi/dsi/fastutil/objects/AbstractObjectCollection done
Event: 3.222 loading class java/text/DateFormat$Field
Event: 3.222 loading class java/text/Format$Field
Event: 3.222 loading class java/text/AttributedCharacterIterator$Attribute
Event: 3.222 loading class java/text/AttributedCharacterIterator$Attribute done
Event: 3.222 loading class java/text/Format$Field done
Event: 3.222 loading class java/text/DateFormat$Field done
Event: 3.222 Executing VM operation: CollectForMetadataAllocation


Dynamic libraries:
0x00007ff748af0000 - 0x00007ff748afa000 	C:\Program Files\Android\Android Studio\jre\bin\java.exe
0x00007ff9a5b90000 - 0x00007ff9a5d85000 	C:\WINDOWS\SYSTEM32\ntdll.dll
0x00007ff9a4810000 - 0x00007ff9a48cd000 	C:\WINDOWS\System32\KERNEL32.DLL
0x00007ff9a3740000 - 0x00007ff9a3a0d000 	C:\WINDOWS\System32\KERNELBASE.dll
0x00007ff9a3ae0000 - 0x00007ff9a3be0000 	C:\WINDOWS\System32\ucrtbase.dll
0x00007ff99ede0000 - 0x00007ff99edf9000 	C:\Program Files\Android\Android Studio\jre\bin\jli.dll
0x00007ff9a4930000 - 0x00007ff9a4ad0000 	C:\WINDOWS\System32\USER32.dll
0x00007ff9a3a40000 - 0x00007ff9a3a62000 	C:\WINDOWS\System32\win32u.dll
0x00007ff99e280000 - 0x00007ff99e297000 	C:\Program Files\Android\Android Studio\jre\bin\VCRUNTIME140.dll
0x00007ff9a5ac0000 - 0x00007ff9a5aea000 	C:\WINDOWS\System32\GDI32.dll
0x00007ff9a32a0000 - 0x00007ff9a33ab000 	C:\WINDOWS\System32\gdi32full.dll
0x00007ff9a3510000 - 0x00007ff9a35ad000 	C:\WINDOWS\System32\msvcp_win.dll
0x00007ff989e20000 - 0x00007ff98a0ba000 	C:\WINDOWS\WinSxS\amd64_microsoft.windows.common-controls_6595b64144ccf1df_6.0.19041.1110_none_60b5254171f9507e\COMCTL32.dll
0x00007ff9a4d80000 - 0x00007ff9a4e1e000 	C:\WINDOWS\System32\msvcrt.dll
0x00007ff9a4f40000 - 0x00007ff9a4f70000 	C:\WINDOWS\System32\IMM32.DLL
0x00007ff99aeb0000 - 0x00007ff99af4d000 	C:\Program Files\Android\Android Studio\jre\bin\msvcp140.dll
0x00007ff94bef0000 - 0x00007ff94c9c5000 	C:\Program Files\Android\Android Studio\jre\bin\server\jvm.dll
0x00007ff9a4f70000 - 0x00007ff9a501e000 	C:\WINDOWS\System32\ADVAPI32.dll
0x00007ff9a4760000 - 0x00007ff9a47fc000 	C:\WINDOWS\System32\sechost.dll
0x00007ff9a4bc0000 - 0x00007ff9a4ce5000 	C:\WINDOWS\System32\RPCRT4.dll
0x00007ff9a4800000 - 0x00007ff9a4808000 	C:\WINDOWS\System32\PSAPI.DLL
0x00007ff99cad0000 - 0x00007ff99cad9000 	C:\WINDOWS\SYSTEM32\WSOCK32.dll
0x00007ff9a5a50000 - 0x00007ff9a5abb000 	C:\WINDOWS\System32\WS2_32.dll
0x00007ff99cfb0000 - 0x00007ff99cfd7000 	C:\WINDOWS\SYSTEM32\WINMM.dll
0x00007ff9a2090000 - 0x00007ff9a209a000 	C:\WINDOWS\SYSTEM32\VERSION.dll
0x00007ff9a2050000 - 0x00007ff9a2062000 	C:\WINDOWS\SYSTEM32\kernel.appcore.dll
0x00007ff99cab0000 - 0x00007ff99cac1000 	C:\Program Files\Android\Android Studio\jre\bin\verify.dll
0x00007ff99b790000 - 0x00007ff99b974000 	C:\WINDOWS\SYSTEM32\DBGHELP.DLL
0x00007ff99abb0000 - 0x00007ff99abdc000 	C:\WINDOWS\SYSTEM32\dbgcore.DLL
0x00007ff9a3600000 - 0x00007ff9a3682000 	C:\WINDOWS\System32\bcryptPrimitives.dll
0x00007ff989070000 - 0x00007ff989099000 	C:\Program Files\Android\Android Studio\jre\bin\java.dll
0x00007ff99caa0000 - 0x00007ff99caab000 	C:\Program Files\Android\Android Studio\jre\bin\jimage.dll
0x00007ff999560000 - 0x00007ff999578000 	C:\Program Files\Android\Android Studio\jre\bin\zip.dll
0x00007ff9a5300000 - 0x00007ff9a5a44000 	C:\WINDOWS\System32\SHELL32.dll
0x00007ff9a11c0000 - 0x00007ff9a1954000 	C:\WINDOWS\SYSTEM32\windows.storage.dll
0x00007ff9a3e40000 - 0x00007ff9a4194000 	C:\WINDOWS\System32\combase.dll
0x00007ff9a2c30000 - 0x00007ff9a2c5c000 	C:\WINDOWS\SYSTEM32\Wldp.dll
0x00007ff9a46a0000 - 0x00007ff9a474d000 	C:\WINDOWS\System32\SHCORE.dll
0x00007ff9a5af0000 - 0x00007ff9a5b45000 	C:\WINDOWS\System32\shlwapi.dll
0x00007ff9a31e0000 - 0x00007ff9a31ff000 	C:\WINDOWS\SYSTEM32\profapi.dll
0x00007ff9891a0000 - 0x00007ff9891ba000 	C:\Program Files\Android\Android Studio\jre\bin\net.dll
0x00007ff997ae0000 - 0x00007ff997bea000 	C:\WINDOWS\SYSTEM32\WINHTTP.dll
0x00007ff9a2990000 - 0x00007ff9a29fa000 	C:\WINDOWS\system32\mswsock.dll
0x00007ff989050000 - 0x00007ff989064000 	C:\Program Files\Android\Android Studio\jre\bin\nio.dll

dbghelp: loaded successfully - version: 4.0.5 - missing functions: none
symbol engine: initialized successfully - sym options: 0x614 - pdb path: .;C:\Program Files\Android\Android Studio\jre\bin;C:\WINDOWS\SYSTEM32;C:\WINDOWS\WinSxS\amd64_microsoft.windows.common-controls_6595b64144ccf1df_6.0.19041.1110_none_60b5254171f9507e;C:\Program Files\Android\Android Studio\jre\bin\server

VM Arguments:
java_command: org.jetbrains.kotlin.cli.jvm.K2JVMCompiler @E:\android\android_kotlin\AppBanTraiCay\app\build\20220518_1394433861327005459.compiler.options
java_class_path (initial): C:\Users\Thaib\.gradle\caches\modules-2\files-2.1\org.jetbrains.kotlin\kotlin-compiler-embeddable\1.5.30\3362a354066df1578a057c200da23cf2a1d8144f\kotlin-compiler-embeddable-1.5.30.jar;C:\Users\Thaib\.gradle\caches\modules-2\files-2.1\org.jetbrains.kotlin\kotlin-reflect\1.5.30\6773e974437dd6432aa646cc2f8ab71de42b5773\kotlin-reflect-1.5.30.jar;C:\Users\Thaib\.gradle\caches\modules-2\files-2.1\org.jetbrains.kotlin\kotlin-stdlib\1.5.30\d68efdea04955974ac1020f8f66ef8176bfbce1f\kotlin-stdlib-1.5.30.jar;C:\Users\Thaib\.gradle\caches\modules-2\files-2.1\org.jetbrains.kotlin\kotlin-script-runtime\1.5.30\10697ab20bfd2f1b23baa91306950c36c4e89a8d\kotlin-script-runtime-1.5.30.jar;C:\Users\Thaib\.gradle\caches\modules-2\files-2.1\org.jetbrains.kotlin\kotlin-daemon-embeddable\1.5.30\e355dc9011e559a475608265607948109e113ae0\kotlin-daemon-embeddable-1.5.30.jar;C:\Users\Thaib\.gradle\caches\modules-2\files-2.1\org.jetbrains.intellij.deps\trove4j\1.0.20181211\216c2e14b070f334479d800987affe4054cd563f\trove4j-1.0.20181211.jar;C:\Users\Thaib\.gradle\caches\modules-2\files-2.1\org.jetbrains\annotations\13.0\919f0dfe192fb4e063e7dacadee7f8bb9a2672a9\annotations-13.0.jar;C:\Users\Thaib\.gradle\caches\modules-2\files-2.1\org.jetbrains.kotlin\kotlin-stdlib-common\1.5.30\649ffab7767038323fec0cc41e2d7b0a8f65a378\kotlin-stdlib-common-1.5.30.jar
Launcher Type: SUN_STANDARD

[Global flags]
     intx CICompilerCount                          = 3                                         {product} {ergonomic}
     uint ConcGCThreads                            = 1                                         {product} {ergonomic}
     uint G1ConcRefinementThreads                  = 4                                         {product} {ergonomic}
   size_t G1HeapRegionSize                         = 1048576                                   {product} {ergonomic}
    uintx GCDrainStackTargetSize                   = 64                                        {product} {ergonomic}
   size_t InitialHeapSize                          = 266338304                                 {product} {ergonomic}
   size_t MarkStackSize                            = 4194304                                   {product} {ergonomic}
   size_t MaxHeapSize                              = 4261412864                                {product} {ergonomic}
   size_t MaxNewSize                               = 2556428288                                {product} {ergonomic}
   size_t MinHeapDeltaBytes                        = 1048576                                   {product} {ergonomic}
    uintx NonNMethodCodeHeapSize                   = 5830732                                {pd product} {ergonomic}
    uintx NonProfiledCodeHeapSize                  = 122913754                              {pd product} {ergonomic}
    uintx ProfiledCodeHeapSize                     = 122913754                              {pd product} {ergonomic}
    uintx ReservedCodeCacheSize                    = 251658240                              {pd product} {ergonomic}
     bool SegmentedCodeCache                       = true                                      {product} {ergonomic}
     bool UseCompressedClassPointers               = true                                 {lp64_product} {ergonomic}
     bool UseCompressedOops                        = true                                 {lp64_product} {ergonomic}
     bool UseG1GC                                  = true                                      {product} {ergonomic}
     bool UseLargePagesIndividualAllocation        = false                                  {pd product} {ergonomic}

Logging:
Log output configuration:
 #0: stdout all=warning uptime,level,tags
 #1: stderr all=off uptime,level,tags

Environment Variables:
PATH=C:\WINDOWS\system32;C:\WINDOWS;C:\WINDOWS\System32\Wbem;C:\WINDOWS\System32\WindowsPowerShell\v1.0\;C:\WINDOWS\System32\OpenSSH\;C:\Program Files (x86)\dotnet\;C:\Program Files\Git\cmd;C:\xampp\php;C:\ProgramData\ComposerSetup\bin;C:\Users\Thaib\AppData\Local\Microsoft\WindowsApps;C:\Users\Thaib\AppData\Roaming\Composer\vendor\bin
USERNAME=Thaib
OS=Windows_NT
PROCESSOR_IDENTIFIER=Intel64 Family 6 Model 142 Stepping 9, GenuineIntel



---------------  S Y S T E M  ---------------

OS: Windows 10 , 64 bit Build 19041 (10.0.19041.1706)
OS uptime: 2 days 20:32 hours

CPU:total 4 (initial active 4) (2 cores per cpu, 2 threads per core) family 6 model 142 stepping 9 microcode 0xb4, cmov, cx8, fxsr, mmx, sse, sse2, sse3, ssse3, sse4.1, sse4.2, popcnt, avx, avx2, aes, clmul, erms, 3dnowpref, lzcnt, ht, tsc, tscinvbit, bmi1, bmi2, adx, fma

Memory: 4k page, system-wide physical 16252M (2393M free)
TotalPageFile size 30468M (AvailPageFile size 1M)
current process WorkingSet (physical memory assigned to process): 141M, peak: 141M
current process commit charge ("private bytes"): 362M, peak: 363M

vm_info: OpenJDK 64-Bit Server VM (11.0.11+9-b60-7590822) for windows-amd64 JRE (11.0.11+9-b60-7590822), built on Jul 29 2021 21:43:44 by "builder" with MS VC++ 14.0 (VS2015)

END.
